{"numFailedTestSuites":4,"numFailedTests":0,"numPassedTestSuites":0,"numPassedTests":0,"numPendingTestSuites":0,"numPendingTests":0,"numRuntimeErrorTestSuites":4,"numTodoTests":0,"numTotalTestSuites":4,"numTotalTests":0,"openHandles":[],"snapshot":{"added":0,"didUpdate":false,"failure":false,"filesAdded":0,"filesRemoved":0,"filesRemovedList":[],"filesUnmatched":0,"filesUpdated":0,"matched":0,"total":0,"unchecked":0,"uncheckedKeysByFile":[],"unmatched":0,"updated":0},"startTime":1754133226167,"success":false,"testResults":[{"assertionResults":[],"coverage":{},"endTime":1754133228708,"message":"  \u001b[1m● \u001b[22mTest suite failed to run\n\n    TypeError: beforeEach is not a function\n\n    \u001b[0m \u001b[90m 48 |\u001b[39m     \u001b[36mawait\u001b[39m mongoose\u001b[33m.\u001b[39mconnection\u001b[33m.\u001b[39mclose()\u001b[33m;\u001b[39m\n     \u001b[90m 49 |\u001b[39m   }\n    \u001b[31m\u001b[1m>\u001b[22m\u001b[39m\u001b[90m 50 |\u001b[39m })\u001b[33m;\u001b[39m\n     \u001b[90m    |\u001b[39m \u001b[31m\u001b[1m^\u001b[22m\u001b[39m\n     \u001b[90m 51 |\u001b[39m\u001b[0m\n\n      \u001b[2mat Object.<anonymous> (\u001b[22mjest.setup.js\u001b[2m:50:1)\u001b[22m\n","name":"C:\\Users\\user\\Desktop\\JS Sample\\backend\\__tests__\\product.test.js","startTime":1754133228708,"status":"failed","summary":""},{"assertionResults":[],"coverage":{},"endTime":1754133228708,"message":"  \u001b[1m● \u001b[22mTest suite failed to run\n\n    TypeError: beforeEach is not a function\n\n    \u001b[0m \u001b[90m 48 |\u001b[39m     \u001b[36mawait\u001b[39m mongoose\u001b[33m.\u001b[39mconnection\u001b[33m.\u001b[39mclose()\u001b[33m;\u001b[39m\n     \u001b[90m 49 |\u001b[39m   }\n    \u001b[31m\u001b[1m>\u001b[22m\u001b[39m\u001b[90m 50 |\u001b[39m })\u001b[33m;\u001b[39m\n     \u001b[90m    |\u001b[39m \u001b[31m\u001b[1m^\u001b[22m\u001b[39m\n     \u001b[90m 51 |\u001b[39m\u001b[0m\n\n      \u001b[2mat Object.<anonymous> (\u001b[22mjest.setup.js\u001b[2m:50:1)\u001b[22m\n","name":"C:\\Users\\user\\Desktop\\JS Sample\\backend\\__tests__\\order.test.js","startTime":1754133228708,"status":"failed","summary":""},{"assertionResults":[],"coverage":{},"endTime":1754133228708,"message":"  \u001b[1m● \u001b[22mTest suite failed to run\n\n    TypeError: beforeEach is not a function\n\n    \u001b[0m \u001b[90m 48 |\u001b[39m     \u001b[36mawait\u001b[39m mongoose\u001b[33m.\u001b[39mconnection\u001b[33m.\u001b[39mclose()\u001b[33m;\u001b[39m\n     \u001b[90m 49 |\u001b[39m   }\n    \u001b[31m\u001b[1m>\u001b[22m\u001b[39m\u001b[90m 50 |\u001b[39m })\u001b[33m;\u001b[39m\n     \u001b[90m    |\u001b[39m \u001b[31m\u001b[1m^\u001b[22m\u001b[39m\n     \u001b[90m 51 |\u001b[39m\u001b[0m\n\n      \u001b[2mat Object.<anonymous> (\u001b[22mjest.setup.js\u001b[2m:50:1)\u001b[22m\n","name":"C:\\Users\\user\\Desktop\\JS Sample\\backend\\__tests__\\cart.test.js","startTime":1754133228708,"status":"failed","summary":""},{"assertionResults":[],"coverage":{},"endTime":1754133228708,"message":"  \u001b[1m● \u001b[22mTest suite failed to run\n\n    TypeError: beforeEach is not a function\n\n    \u001b[0m \u001b[90m 48 |\u001b[39m     \u001b[36mawait\u001b[39m mongoose\u001b[33m.\u001b[39mconnection\u001b[33m.\u001b[39mclose()\u001b[33m;\u001b[39m\n     \u001b[90m 49 |\u001b[39m   }\n    \u001b[31m\u001b[1m>\u001b[22m\u001b[39m\u001b[90m 50 |\u001b[39m })\u001b[33m;\u001b[39m\n     \u001b[90m    |\u001b[39m \u001b[31m\u001b[1m^\u001b[22m\u001b[39m\n     \u001b[90m 51 |\u001b[39m\u001b[0m\n\n      \u001b[2mat Object.<anonymous> (\u001b[22mjest.setup.js\u001b[2m:50:1)\u001b[22m\n","name":"C:\\Users\\user\\Desktop\\JS Sample\\backend\\__tests__\\auth.test.js","startTime":1754133228708,"status":"failed","summary":""}],"wasInterrupted":false,"coverageMap":{"C:\\Users\\user\\Desktop\\JS Sample\\backend\\controllers\\authController.js":{"path":"C:\\Users\\user\\Desktop\\JS Sample\\backend\\controllers\\authController.js","statementMap":{"0":{"start":{"line":1,"column":13},"end":{"line":1,"column":38}},"1":{"start":{"line":2,"column":22},"end":{"line":2,"column":55}},"2":{"start":{"line":3,"column":21},"end":{"line":3,"column":51}},"3":{"start":{"line":4,"column":12},"end":{"line":4,"column":35}},"4":{"start":{"line":9,"column":0},"end":{"line":21,"column":3}},"5":{"start":{"line":10,"column":42},"end":{"line":10,"column":50}},"6":{"start":{"line":13,"column":15},"end":{"line":18,"column":4}},"7":{"start":{"line":20,"column":2},"end":{"line":20,"column":36}},"8":{"start":{"line":26,"column":0},"end":{"line":49,"column":3}},"9":{"start":{"line":27,"column":30},"end":{"line":27,"column":38}},"10":{"start":{"line":30,"column":2},"end":{"line":32,"column":3}},"11":{"start":{"line":31,"column":4},"end":{"line":31,"column":80}},"12":{"start":{"line":35,"column":15},"end":{"line":35,"column":64}},"13":{"start":{"line":37,"column":2},"end":{"line":39,"column":3}},"14":{"start":{"line":38,"column":4},"end":{"line":38,"column":63}},"15":{"start":{"line":42,"column":18},"end":{"line":42,"column":52}},"16":{"start":{"line":44,"column":2},"end":{"line":46,"column":3}},"17":{"start":{"line":45,"column":4},"end":{"line":45,"column":63}},"18":{"start":{"line":48,"column":2},"end":{"line":48,"column":36}},"19":{"start":{"line":54,"column":0},"end":{"line":61,"column":3}},"20":{"start":{"line":55,"column":15},"end":{"line":55,"column":47}},"21":{"start":{"line":57,"column":2},"end":{"line":60,"column":5}},"22":{"start":{"line":66,"column":0},"end":{"line":81,"column":3}},"23":{"start":{"line":67,"column":25},"end":{"line":70,"column":3}},"24":{"start":{"line":72,"column":15},"end":{"line":75,"column":4}},"25":{"start":{"line":77,"column":2},"end":{"line":80,"column":5}},"26":{"start":{"line":86,"column":0},"end":{"line":98,"column":3}},"27":{"start":{"line":87,"column":15},"end":{"line":87,"column":67}},"28":{"start":{"line":90,"column":2},"end":{"line":92,"column":3}},"29":{"start":{"line":91,"column":4},"end":{"line":91,"column":65}},"30":{"start":{"line":94,"column":2},"end":{"line":94,"column":39}},"31":{"start":{"line":95,"column":2},"end":{"line":95,"column":20}},"32":{"start":{"line":97,"column":2},"end":{"line":97,"column":36}},"33":{"start":{"line":103,"column":0},"end":{"line":136,"column":3}},"34":{"start":{"line":104,"column":15},"end":{"line":104,"column":60}},"35":{"start":{"line":106,"column":2},"end":{"line":108,"column":3}},"36":{"start":{"line":107,"column":4},"end":{"line":107,"column":76}},"37":{"start":{"line":111,"column":21},"end":{"line":111,"column":49}},"38":{"start":{"line":113,"column":2},"end":{"line":113,"column":49}},"39":{"start":{"line":116,"column":19},"end":{"line":118,"column":45}},"40":{"start":{"line":120,"column":18},"end":{"line":120,"column":164}},"41":{"start":{"line":122,"column":2},"end":{"line":135,"column":3}},"42":{"start":{"line":124,"column":4},"end":{"line":124,"column":40}},"43":{"start":{"line":126,"column":4},"end":{"line":126,"column":64}},"44":{"start":{"line":128,"column":4},"end":{"line":128,"column":23}},"45":{"start":{"line":129,"column":4},"end":{"line":129,"column":40}},"46":{"start":{"line":130,"column":4},"end":{"line":130,"column":41}},"47":{"start":{"line":132,"column":4},"end":{"line":132,"column":51}},"48":{"start":{"line":134,"column":4},"end":{"line":134,"column":67}},"49":{"start":{"line":141,"column":0},"end":{"line":164,"column":3}},"50":{"start":{"line":143,"column":29},"end":{"line":146,"column":18}},"51":{"start":{"line":148,"column":15},"end":{"line":151,"column":4}},"52":{"start":{"line":153,"column":2},"end":{"line":155,"column":3}},"53":{"start":{"line":154,"column":4},"end":{"line":154,"column":57}},"54":{"start":{"line":158,"column":2},"end":{"line":158,"column":36}},"55":{"start":{"line":159,"column":2},"end":{"line":159,"column":38}},"56":{"start":{"line":160,"column":2},"end":{"line":160,"column":39}},"57":{"start":{"line":161,"column":2},"end":{"line":161,"column":20}},"58":{"start":{"line":163,"column":2},"end":{"line":163,"column":36}},"59":{"start":{"line":167,"column":26},"end":{"line":190,"column":1}},"60":{"start":{"line":169,"column":16},"end":{"line":169,"column":40}},"61":{"start":{"line":171,"column":18},"end":{"line":177,"column":3}},"62":{"start":{"line":179,"column":2},"end":{"line":181,"column":3}},"63":{"start":{"line":180,"column":4},"end":{"line":180,"column":26}},"64":{"start":{"line":183,"column":2},"end":{"line":189,"column":7}}},"fnMap":{"0":{"name":"(anonymous_0)","decl":{"start":{"line":9,"column":32},"end":{"line":9,"column":33}},"loc":{"start":{"line":9,"column":58},"end":{"line":21,"column":1}},"line":9},"1":{"name":"(anonymous_1)","decl":{"start":{"line":26,"column":29},"end":{"line":26,"column":30}},"loc":{"start":{"line":26,"column":55},"end":{"line":49,"column":1}},"line":26},"2":{"name":"(anonymous_2)","decl":{"start":{"line":54,"column":29},"end":{"line":54,"column":30}},"loc":{"start":{"line":54,"column":55},"end":{"line":61,"column":1}},"line":54},"3":{"name":"(anonymous_3)","decl":{"start":{"line":66,"column":37},"end":{"line":66,"column":38}},"loc":{"start":{"line":66,"column":63},"end":{"line":81,"column":1}},"line":66},"4":{"name":"(anonymous_4)","decl":{"start":{"line":86,"column":38},"end":{"line":86,"column":39}},"loc":{"start":{"line":86,"column":64},"end":{"line":98,"column":1}},"line":86},"5":{"name":"(anonymous_5)","decl":{"start":{"line":103,"column":38},"end":{"line":103,"column":39}},"loc":{"start":{"line":103,"column":64},"end":{"line":136,"column":1}},"line":103},"6":{"name":"(anonymous_6)","decl":{"start":{"line":141,"column":37},"end":{"line":141,"column":38}},"loc":{"start":{"line":141,"column":63},"end":{"line":164,"column":1}},"line":141},"7":{"name":"(anonymous_7)","decl":{"start":{"line":167,"column":26},"end":{"line":167,"column":27}},"loc":{"start":{"line":167,"column":53},"end":{"line":190,"column":1}},"line":167}},"branchMap":{"0":{"loc":{"start":{"line":30,"column":2},"end":{"line":32,"column":3}},"type":"if","locations":[{"start":{"line":30,"column":2},"end":{"line":32,"column":3}},{"start":{},"end":{}}],"line":30},"1":{"loc":{"start":{"line":30,"column":6},"end":{"line":30,"column":25}},"type":"binary-expr","locations":[{"start":{"line":30,"column":6},"end":{"line":30,"column":12}},{"start":{"line":30,"column":16},"end":{"line":30,"column":25}}],"line":30},"2":{"loc":{"start":{"line":37,"column":2},"end":{"line":39,"column":3}},"type":"if","locations":[{"start":{"line":37,"column":2},"end":{"line":39,"column":3}},{"start":{},"end":{}}],"line":37},"3":{"loc":{"start":{"line":44,"column":2},"end":{"line":46,"column":3}},"type":"if","locations":[{"start":{"line":44,"column":2},"end":{"line":46,"column":3}},{"start":{},"end":{}}],"line":44},"4":{"loc":{"start":{"line":90,"column":2},"end":{"line":92,"column":3}},"type":"if","locations":[{"start":{"line":90,"column":2},"end":{"line":92,"column":3}},{"start":{},"end":{}}],"line":90},"5":{"loc":{"start":{"line":106,"column":2},"end":{"line":108,"column":3}},"type":"if","locations":[{"start":{"line":106,"column":2},"end":{"line":108,"column":3}},{"start":{},"end":{}}],"line":106},"6":{"loc":{"start":{"line":153,"column":2},"end":{"line":155,"column":3}},"type":"if","locations":[{"start":{"line":153,"column":2},"end":{"line":155,"column":3}},{"start":{},"end":{}}],"line":153},"7":{"loc":{"start":{"line":179,"column":2},"end":{"line":181,"column":3}},"type":"if","locations":[{"start":{"line":179,"column":2},"end":{"line":181,"column":3}},{"start":{},"end":{}}],"line":179}},"s":{"0":0,"1":0,"2":0,"3":0,"4":0,"5":0,"6":0,"7":0,"8":0,"9":0,"10":0,"11":0,"12":0,"13":0,"14":0,"15":0,"16":0,"17":0,"18":0,"19":0,"20":0,"21":0,"22":0,"23":0,"24":0,"25":0,"26":0,"27":0,"28":0,"29":0,"30":0,"31":0,"32":0,"33":0,"34":0,"35":0,"36":0,"37":0,"38":0,"39":0,"40":0,"41":0,"42":0,"43":0,"44":0,"45":0,"46":0,"47":0,"48":0,"49":0,"50":0,"51":0,"52":0,"53":0,"54":0,"55":0,"56":0,"57":0,"58":0,"59":0,"60":0,"61":0,"62":0,"63":0,"64":0},"f":{"0":0,"1":0,"2":0,"3":0,"4":0,"5":0,"6":0,"7":0},"b":{"0":[0,0],"1":[0,0],"2":[0,0],"3":[0,0],"4":[0,0],"5":[0,0],"6":[0,0],"7":[0,0]}},"C:\\Users\\user\\Desktop\\JS Sample\\backend\\middleware\\async.js":{"path":"C:\\Users\\user\\Desktop\\JS Sample\\backend\\middleware\\async.js","statementMap":{"0":{"start":{"line":2,"column":21},"end":{"line":4,"column":1}},"1":{"start":{"line":2,"column":29},"end":{"line":4,"column":1}},"2":{"start":{"line":3,"column":2},"end":{"line":3,"column":50}},"3":{"start":{"line":6,"column":0},"end":{"line":6,"column":30}}},"fnMap":{"0":{"name":"(anonymous_0)","decl":{"start":{"line":2,"column":21},"end":{"line":2,"column":22}},"loc":{"start":{"line":2,"column":29},"end":{"line":4,"column":1}},"line":2},"1":{"name":"(anonymous_1)","decl":{"start":{"line":2,"column":29},"end":{"line":2,"column":30}},"loc":{"start":{"line":2,"column":49},"end":{"line":4,"column":1}},"line":2}},"branchMap":{},"s":{"0":0,"1":0,"2":0,"3":0},"f":{"0":0,"1":0},"b":{}},"C:\\Users\\user\\Desktop\\JS Sample\\backend\\models\\Cart.js":{"path":"C:\\Users\\user\\Desktop\\JS Sample\\backend\\models\\Cart.js","statementMap":{"0":{"start":{"line":1,"column":17},"end":{"line":1,"column":36}},"1":{"start":{"line":3,"column":23},"end":{"line":27,"column":2}},"2":{"start":{"line":29,"column":19},"end":{"line":47,"column":2}},"3":{"start":{"line":50,"column":0},"end":{"line":54,"column":3}},"4":{"start":{"line":51,"column":2},"end":{"line":53,"column":8}},"5":{"start":{"line":52,"column":4},"end":{"line":52,"column":48}},"6":{"start":{"line":57,"column":0},"end":{"line":61,"column":3}},"7":{"start":{"line":58,"column":2},"end":{"line":60,"column":8}},"8":{"start":{"line":59,"column":4},"end":{"line":59,"column":33}},"9":{"start":{"line":64,"column":0},"end":{"line":67,"column":3}},"10":{"start":{"line":65,"column":2},"end":{"line":65,"column":30}},"11":{"start":{"line":66,"column":2},"end":{"line":66,"column":9}},"12":{"start":{"line":70,"column":0},"end":{"line":78,"column":2}},"13":{"start":{"line":71,"column":13},"end":{"line":71,"column":49}},"14":{"start":{"line":73,"column":2},"end":{"line":75,"column":3}},"15":{"start":{"line":74,"column":4},"end":{"line":74,"column":58}},"16":{"start":{"line":77,"column":2},"end":{"line":77,"column":67}},"17":{"start":{"line":81,"column":0},"end":{"line":111,"column":2}},"18":{"start":{"line":82,"column":18},"end":{"line":82,"column":69}},"19":{"start":{"line":84,"column":2},"end":{"line":86,"column":3}},"20":{"start":{"line":85,"column":4},"end":{"line":85,"column":41}},"21":{"start":{"line":88,"column":2},"end":{"line":90,"column":3}},"22":{"start":{"line":89,"column":4},"end":{"line":89,"column":50}},"23":{"start":{"line":92,"column":20},"end":{"line":94,"column":3}},"24":{"start":{"line":93,"column":12},"end":{"line":93,"column":49}},"25":{"start":{"line":96,"column":2},"end":{"line":108,"column":3}},"26":{"start":{"line":98,"column":4},"end":{"line":98,"column":47}},"27":{"start":{"line":101,"column":4},"end":{"line":107,"column":7}},"28":{"start":{"line":110,"column":2},"end":{"line":110,"column":21}},"29":{"start":{"line":114,"column":0},"end":{"line":120,"column":2}},"30":{"start":{"line":115,"column":2},"end":{"line":117,"column":4}},"31":{"start":{"line":116,"column":12},"end":{"line":116,"column":49}},"32":{"start":{"line":119,"column":2},"end":{"line":119,"column":21}},"33":{"start":{"line":123,"column":0},"end":{"line":137,"column":2}},"34":{"start":{"line":124,"column":2},"end":{"line":126,"column":3}},"35":{"start":{"line":125,"column":4},"end":{"line":125,"column":38}},"36":{"start":{"line":128,"column":15},"end":{"line":130,"column":3}},"37":{"start":{"line":129,"column":12},"end":{"line":129,"column":49}},"38":{"start":{"line":132,"column":2},"end":{"line":134,"column":3}},"39":{"start":{"line":133,"column":4},"end":{"line":133,"column":29}},"40":{"start":{"line":136,"column":2},"end":{"line":136,"column":21}},"41":{"start":{"line":140,"column":0},"end":{"line":143,"column":2}},"42":{"start":{"line":141,"column":2},"end":{"line":141,"column":18}},"43":{"start":{"line":142,"column":2},"end":{"line":142,"column":21}},"44":{"start":{"line":146,"column":0},"end":{"line":146,"column":48}},"45":{"start":{"line":148,"column":0},"end":{"line":148,"column":52}}},"fnMap":{"0":{"name":"(anonymous_0)","decl":{"start":{"line":50,"column":37},"end":{"line":50,"column":38}},"loc":{"start":{"line":50,"column":48},"end":{"line":54,"column":1}},"line":50},"1":{"name":"(anonymous_1)","decl":{"start":{"line":51,"column":27},"end":{"line":51,"column":28}},"loc":{"start":{"line":51,"column":44},"end":{"line":53,"column":3}},"line":51},"2":{"name":"(anonymous_2)","decl":{"start":{"line":57,"column":37},"end":{"line":57,"column":38}},"loc":{"start":{"line":57,"column":48},"end":{"line":61,"column":1}},"line":57},"3":{"name":"(anonymous_3)","decl":{"start":{"line":58,"column":27},"end":{"line":58,"column":28}},"loc":{"start":{"line":58,"column":44},"end":{"line":60,"column":3}},"line":58},"4":{"name":"(anonymous_4)","decl":{"start":{"line":64,"column":23},"end":{"line":64,"column":24}},"loc":{"start":{"line":64,"column":38},"end":{"line":67,"column":1}},"line":64},"5":{"name":"(anonymous_5)","decl":{"start":{"line":70,"column":37},"end":{"line":70,"column":38}},"loc":{"start":{"line":70,"column":60},"end":{"line":78,"column":1}},"line":70},"6":{"name":"(anonymous_6)","decl":{"start":{"line":81,"column":29},"end":{"line":81,"column":30}},"loc":{"start":{"line":81,"column":69},"end":{"line":111,"column":1}},"line":81},"7":{"name":"(anonymous_7)","decl":{"start":{"line":93,"column":4},"end":{"line":93,"column":5}},"loc":{"start":{"line":93,"column":12},"end":{"line":93,"column":49}},"line":93},"8":{"name":"(anonymous_8)","decl":{"start":{"line":114,"column":32},"end":{"line":114,"column":33}},"loc":{"start":{"line":114,"column":52},"end":{"line":120,"column":1}},"line":114},"9":{"name":"(anonymous_9)","decl":{"start":{"line":116,"column":4},"end":{"line":116,"column":5}},"loc":{"start":{"line":116,"column":12},"end":{"line":116,"column":49}},"line":116},"10":{"name":"(anonymous_10)","decl":{"start":{"line":123,"column":40},"end":{"line":123,"column":41}},"loc":{"start":{"line":123,"column":70},"end":{"line":137,"column":1}},"line":123},"11":{"name":"(anonymous_11)","decl":{"start":{"line":129,"column":4},"end":{"line":129,"column":5}},"loc":{"start":{"line":129,"column":12},"end":{"line":129,"column":49}},"line":129},"12":{"name":"(anonymous_12)","decl":{"start":{"line":140,"column":31},"end":{"line":140,"column":32}},"loc":{"start":{"line":140,"column":42},"end":{"line":143,"column":1}},"line":140}},"branchMap":{"0":{"loc":{"start":{"line":73,"column":2},"end":{"line":75,"column":3}},"type":"if","locations":[{"start":{"line":73,"column":2},"end":{"line":75,"column":3}},{"start":{},"end":{}}],"line":73},"1":{"loc":{"start":{"line":81,"column":55},"end":{"line":81,"column":67}},"type":"default-arg","locations":[{"start":{"line":81,"column":66},"end":{"line":81,"column":67}}],"line":81},"2":{"loc":{"start":{"line":84,"column":2},"end":{"line":86,"column":3}},"type":"if","locations":[{"start":{"line":84,"column":2},"end":{"line":86,"column":3}},{"start":{},"end":{}}],"line":84},"3":{"loc":{"start":{"line":88,"column":2},"end":{"line":90,"column":3}},"type":"if","locations":[{"start":{"line":88,"column":2},"end":{"line":90,"column":3}},{"start":{},"end":{}}],"line":88},"4":{"loc":{"start":{"line":96,"column":2},"end":{"line":108,"column":3}},"type":"if","locations":[{"start":{"line":96,"column":2},"end":{"line":108,"column":3}},{"start":{"line":99,"column":9},"end":{"line":108,"column":3}}],"line":96},"5":{"loc":{"start":{"line":105,"column":13},"end":{"line":105,"column":41}},"type":"binary-expr","locations":[{"start":{"line":105,"column":13},"end":{"line":105,"column":35}},{"start":{"line":105,"column":39},"end":{"line":105,"column":41}}],"line":105},"6":{"loc":{"start":{"line":124,"column":2},"end":{"line":126,"column":3}},"type":"if","locations":[{"start":{"line":124,"column":2},"end":{"line":126,"column":3}},{"start":{},"end":{}}],"line":124},"7":{"loc":{"start":{"line":132,"column":2},"end":{"line":134,"column":3}},"type":"if","locations":[{"start":{"line":132,"column":2},"end":{"line":134,"column":3}},{"start":{},"end":{}}],"line":132}},"s":{"0":0,"1":0,"2":0,"3":0,"4":0,"5":0,"6":0,"7":0,"8":0,"9":0,"10":0,"11":0,"12":0,"13":0,"14":0,"15":0,"16":0,"17":0,"18":0,"19":0,"20":0,"21":0,"22":0,"23":0,"24":0,"25":0,"26":0,"27":0,"28":0,"29":0,"30":0,"31":0,"32":0,"33":0,"34":0,"35":0,"36":0,"37":0,"38":0,"39":0,"40":0,"41":0,"42":0,"43":0,"44":0,"45":0},"f":{"0":0,"1":0,"2":0,"3":0,"4":0,"5":0,"6":0,"7":0,"8":0,"9":0,"10":0,"11":0,"12":0},"b":{"0":[0,0],"1":[0],"2":[0,0],"3":[0,0],"4":[0,0],"5":[0,0],"6":[0,0],"7":[0,0]}},"C:\\Users\\user\\Desktop\\JS Sample\\backend\\routes\\authRoutes.js":{"path":"C:\\Users\\user\\Desktop\\JS Sample\\backend\\routes\\authRoutes.js","statementMap":{"0":{"start":{"line":1,"column":16},"end":{"line":1,"column":34}},"1":{"start":{"line":2,"column":15},"end":{"line":2,"column":31}},"2":{"start":{"line":11,"column":4},"end":{"line":11,"column":44}},"3":{"start":{"line":13,"column":20},"end":{"line":13,"column":49}},"4":{"start":{"line":16,"column":0},"end":{"line":16,"column":35}},"5":{"start":{"line":17,"column":0},"end":{"line":17,"column":29}},"6":{"start":{"line":18,"column":0},"end":{"line":18,"column":47}},"7":{"start":{"line":19,"column":0},"end":{"line":19,"column":56}},"8":{"start":{"line":22,"column":0},"end":{"line":22,"column":20}},"9":{"start":{"line":23,"column":0},"end":{"line":23,"column":25}},"10":{"start":{"line":24,"column":0},"end":{"line":24,"column":44}},"11":{"start":{"line":25,"column":0},"end":{"line":25,"column":46}},"12":{"start":{"line":27,"column":0},"end":{"line":27,"column":24}}},"fnMap":{},"branchMap":{},"s":{"0":0,"1":0,"2":0,"3":0,"4":0,"5":0,"6":0,"7":0,"8":0,"9":0,"10":0,"11":0,"12":0},"f":{},"b":{}},"C:\\Users\\user\\Desktop\\JS Sample\\backend\\services\\s3Service.js":{"path":"C:\\Users\\user\\Desktop\\JS Sample\\backend\\services\\s3Service.js","statementMap":{"0":{"start":{"line":1,"column":12},"end":{"line":1,"column":30}},"1":{"start":{"line":2,"column":23},"end":{"line":2,"column":38}},"2":{"start":{"line":10,"column":11},"end":{"line":14,"column":2}},"3":{"start":{"line":24,"column":19},"end":{"line":43,"column":1}},"4":{"start":{"line":25,"column":17},"end":{"line":31,"column":3}},"5":{"start":{"line":33,"column":2},"end":{"line":42,"column":5}},"6":{"start":{"line":34,"column":4},"end":{"line":41,"column":7}},"7":{"start":{"line":35,"column":6},"end":{"line":38,"column":7}},"8":{"start":{"line":36,"column":8},"end":{"line":36,"column":53}},"9":{"start":{"line":37,"column":8},"end":{"line":37,"column":20}},"10":{"start":{"line":39,"column":6},"end":{"line":39,"column":64}},"11":{"start":{"line":40,"column":6},"end":{"line":40,"column":20}},"12":{"start":{"line":50,"column":22},"end":{"line":57,"column":1}},"13":{"start":{"line":51,"column":17},"end":{"line":54,"column":3}},"14":{"start":{"line":56,"column":2},"end":{"line":56,"column":49}},"15":{"start":{"line":64,"column":19},"end":{"line":80,"column":1}},"16":{"start":{"line":65,"column":17},"end":{"line":68,"column":3}},"17":{"start":{"line":70,"column":2},"end":{"line":79,"column":5}},"18":{"start":{"line":71,"column":4},"end":{"line":78,"column":7}},"19":{"start":{"line":72,"column":6},"end":{"line":75,"column":7}},"20":{"start":{"line":73,"column":8},"end":{"line":73,"column":54}},"21":{"start":{"line":74,"column":8},"end":{"line":74,"column":20}},"22":{"start":{"line":76,"column":6},"end":{"line":76,"column":57}},"23":{"start":{"line":77,"column":6},"end":{"line":77,"column":20}},"24":{"start":{"line":82,"column":0},"end":{"line":86,"column":2}}},"fnMap":{"0":{"name":"(anonymous_0)","decl":{"start":{"line":24,"column":19},"end":{"line":24,"column":20}},"loc":{"start":{"line":24,"column":29},"end":{"line":43,"column":1}},"line":24},"1":{"name":"(anonymous_1)","decl":{"start":{"line":33,"column":21},"end":{"line":33,"column":22}},"loc":{"start":{"line":33,"column":42},"end":{"line":42,"column":3}},"line":33},"2":{"name":"(anonymous_2)","decl":{"start":{"line":34,"column":22},"end":{"line":34,"column":23}},"loc":{"start":{"line":34,"column":37},"end":{"line":41,"column":5}},"line":34},"3":{"name":"(anonymous_3)","decl":{"start":{"line":50,"column":22},"end":{"line":50,"column":23}},"loc":{"start":{"line":50,"column":35},"end":{"line":57,"column":1}},"line":50},"4":{"name":"(anonymous_4)","decl":{"start":{"line":64,"column":19},"end":{"line":64,"column":20}},"loc":{"start":{"line":64,"column":32},"end":{"line":80,"column":1}},"line":64},"5":{"name":"(anonymous_5)","decl":{"start":{"line":70,"column":21},"end":{"line":70,"column":22}},"loc":{"start":{"line":70,"column":42},"end":{"line":79,"column":3}},"line":70},"6":{"name":"(anonymous_6)","decl":{"start":{"line":71,"column":28},"end":{"line":71,"column":29}},"loc":{"start":{"line":71,"column":43},"end":{"line":78,"column":5}},"line":71}},"branchMap":{"0":{"loc":{"start":{"line":35,"column":6},"end":{"line":38,"column":7}},"type":"if","locations":[{"start":{"line":35,"column":6},"end":{"line":38,"column":7}},{"start":{},"end":{}}],"line":35},"1":{"loc":{"start":{"line":72,"column":6},"end":{"line":75,"column":7}},"type":"if","locations":[{"start":{"line":72,"column":6},"end":{"line":75,"column":7}},{"start":{},"end":{}}],"line":72}},"s":{"0":0,"1":0,"2":0,"3":0,"4":0,"5":0,"6":0,"7":0,"8":0,"9":0,"10":0,"11":0,"12":0,"13":0,"14":0,"15":0,"16":0,"17":0,"18":0,"19":0,"20":0,"21":0,"22":0,"23":0,"24":0},"f":{"0":0,"1":0,"2":0,"3":0,"4":0,"5":0,"6":0},"b":{"0":[0,0],"1":[0,0]}},"C:\\Users\\user\\Desktop\\JS Sample\\backend\\utils\\errorResponse.js":{"path":"C:\\Users\\user\\Desktop\\JS Sample\\backend\\utils\\errorResponse.js","statementMap":{"0":{"start":{"line":3,"column":4},"end":{"line":3,"column":19}},"1":{"start":{"line":4,"column":4},"end":{"line":4,"column":33}},"2":{"start":{"line":7,"column":4},"end":{"line":7,"column":52}},"3":{"start":{"line":12,"column":4},"end":{"line":12,"column":43}},"4":{"start":{"line":16,"column":4},"end":{"line":16,"column":43}},"5":{"start":{"line":20,"column":4},"end":{"line":20,"column":43}},"6":{"start":{"line":24,"column":4},"end":{"line":24,"column":43}},"7":{"start":{"line":28,"column":4},"end":{"line":28,"column":43}},"8":{"start":{"line":32,"column":4},"end":{"line":32,"column":43}},"9":{"start":{"line":36,"column":21},"end":{"line":36,"column":63}},"10":{"start":{"line":37,"column":4},"end":{"line":37,"column":29}},"11":{"start":{"line":38,"column":4},"end":{"line":38,"column":20}},"12":{"start":{"line":42,"column":0},"end":{"line":42,"column":31}}},"fnMap":{"0":{"name":"(anonymous_0)","decl":{"start":{"line":2,"column":2},"end":{"line":2,"column":3}},"loc":{"start":{"line":2,"column":35},"end":{"line":8,"column":3}},"line":2},"1":{"name":"(anonymous_1)","decl":{"start":{"line":11,"column":2},"end":{"line":11,"column":3}},"loc":{"start":{"line":11,"column":45},"end":{"line":13,"column":3}},"line":11},"2":{"name":"(anonymous_2)","decl":{"start":{"line":15,"column":2},"end":{"line":15,"column":3}},"loc":{"start":{"line":15,"column":50},"end":{"line":17,"column":3}},"line":15},"3":{"name":"(anonymous_3)","decl":{"start":{"line":19,"column":2},"end":{"line":19,"column":3}},"loc":{"start":{"line":19,"column":42},"end":{"line":21,"column":3}},"line":19},"4":{"name":"(anonymous_4)","decl":{"start":{"line":23,"column":2},"end":{"line":23,"column":3}},"loc":{"start":{"line":23,"column":50},"end":{"line":25,"column":3}},"line":23},"5":{"name":"(anonymous_5)","decl":{"start":{"line":27,"column":2},"end":{"line":27,"column":3}},"loc":{"start":{"line":27,"column":55},"end":{"line":29,"column":3}},"line":27},"6":{"name":"(anonymous_6)","decl":{"start":{"line":31,"column":2},"end":{"line":31,"column":3}},"loc":{"start":{"line":31,"column":56},"end":{"line":33,"column":3}},"line":31},"7":{"name":"(anonymous_7)","decl":{"start":{"line":35,"column":2},"end":{"line":35,"column":3}},"loc":{"start":{"line":35,"column":33},"end":{"line":39,"column":3}},"line":35}},"branchMap":{"0":{"loc":{"start":{"line":11,"column":20},"end":{"line":11,"column":43}},"type":"default-arg","locations":[{"start":{"line":11,"column":30},"end":{"line":11,"column":43}}],"line":11},"1":{"loc":{"start":{"line":15,"column":22},"end":{"line":15,"column":48}},"type":"default-arg","locations":[{"start":{"line":15,"column":32},"end":{"line":15,"column":48}}],"line":15},"2":{"loc":{"start":{"line":19,"column":19},"end":{"line":19,"column":40}},"type":"default-arg","locations":[{"start":{"line":19,"column":29},"end":{"line":19,"column":40}}],"line":19},"3":{"loc":{"start":{"line":23,"column":18},"end":{"line":23,"column":48}},"type":"default-arg","locations":[{"start":{"line":23,"column":28},"end":{"line":23,"column":48}}],"line":23},"4":{"loc":{"start":{"line":27,"column":18},"end":{"line":27,"column":53}},"type":"default-arg","locations":[{"start":{"line":27,"column":28},"end":{"line":27,"column":53}}],"line":27},"5":{"loc":{"start":{"line":31,"column":21},"end":{"line":31,"column":54}},"type":"default-arg","locations":[{"start":{"line":31,"column":31},"end":{"line":31,"column":54}}],"line":31}},"s":{"0":0,"1":0,"2":0,"3":0,"4":0,"5":0,"6":0,"7":0,"8":0,"9":0,"10":0,"11":0,"12":0},"f":{"0":0,"1":0,"2":0,"3":0,"4":0,"5":0,"6":0,"7":0},"b":{"0":[0],"1":[0],"2":[0],"3":[0],"4":[0],"5":[0]}},"C:\\Users\\user\\Desktop\\JS Sample\\backend\\controllers\\cartController.js":{"path":"C:\\Users\\user\\Desktop\\JS Sample\\backend\\controllers\\cartController.js","statementMap":{"0":{"start":{"line":1,"column":13},"end":{"line":1,"column":38}},"1":{"start":{"line":2,"column":16},"end":{"line":2,"column":44}},"2":{"start":{"line":3,"column":22},"end":{"line":3,"column":55}},"3":{"start":{"line":4,"column":21},"end":{"line":4,"column":51}},"4":{"start":{"line":9,"column":0},"end":{"line":16,"column":3}},"5":{"start":{"line":10,"column":15},"end":{"line":10,"column":54}},"6":{"start":{"line":12,"column":2},"end":{"line":15,"column":5}},"7":{"start":{"line":21,"column":0},"end":{"line":41,"column":3}},"8":{"start":{"line":22,"column":38},"end":{"line":22,"column":46}},"9":{"start":{"line":24,"column":2},"end":{"line":26,"column":3}},"10":{"start":{"line":25,"column":4},"end":{"line":25,"column":71}},"11":{"start":{"line":29,"column":15},"end":{"line":29,"column":54}},"12":{"start":{"line":32,"column":2},"end":{"line":32,"column":42}},"13":{"start":{"line":35,"column":22},"end":{"line":35,"column":61}},"14":{"start":{"line":37,"column":2},"end":{"line":40,"column":5}},"15":{"start":{"line":46,"column":0},"end":{"line":67,"column":3}},"16":{"start":{"line":47,"column":24},"end":{"line":47,"column":34}},"17":{"start":{"line":48,"column":23},"end":{"line":48,"column":31}},"18":{"start":{"line":50,"column":2},"end":{"line":52,"column":3}},"19":{"start":{"line":51,"column":4},"end":{"line":51,"column":69}},"20":{"start":{"line":55,"column":15},"end":{"line":55,"column":54}},"21":{"start":{"line":58,"column":2},"end":{"line":58,"column":53}},"22":{"start":{"line":61,"column":22},"end":{"line":61,"column":61}},"23":{"start":{"line":63,"column":2},"end":{"line":66,"column":5}},"24":{"start":{"line":72,"column":0},"end":{"line":88,"column":3}},"25":{"start":{"line":73,"column":24},"end":{"line":73,"column":34}},"26":{"start":{"line":76,"column":15},"end":{"line":76,"column":54}},"27":{"start":{"line":79,"column":2},"end":{"line":79,"column":35}},"28":{"start":{"line":82,"column":22},"end":{"line":82,"column":61}},"29":{"start":{"line":84,"column":2},"end":{"line":87,"column":5}},"30":{"start":{"line":93,"column":0},"end":{"line":103,"column":3}},"31":{"start":{"line":94,"column":15},"end":{"line":94,"column":54}},"32":{"start":{"line":97,"column":2},"end":{"line":97,"column":25}},"33":{"start":{"line":99,"column":2},"end":{"line":102,"column":5}},"34":{"start":{"line":108,"column":0},"end":{"line":119,"column":3}},"35":{"start":{"line":109,"column":15},"end":{"line":109,"column":54}},"36":{"start":{"line":111,"column":2},"end":{"line":118,"column":5}},"37":{"start":{"line":124,"column":0},"end":{"line":151,"column":3}},"38":{"start":{"line":125,"column":24},"end":{"line":125,"column":32}},"39":{"start":{"line":127,"column":2},"end":{"line":129,"column":3}},"40":{"start":{"line":128,"column":4},"end":{"line":128,"column":67}},"41":{"start":{"line":132,"column":19},"end":{"line":132,"column":58}},"42":{"start":{"line":135,"column":2},"end":{"line":142,"column":3}},"43":{"start":{"line":136,"column":4},"end":{"line":141,"column":5}},"44":{"start":{"line":137,"column":6},"end":{"line":137,"column":58}},"45":{"start":{"line":140,"column":6},"end":{"line":140,"column":79}},"46":{"start":{"line":145,"column":22},"end":{"line":145,"column":61}},"47":{"start":{"line":147,"column":2},"end":{"line":150,"column":5}}},"fnMap":{"0":{"name":"(anonymous_0)","decl":{"start":{"line":9,"column":31},"end":{"line":9,"column":32}},"loc":{"start":{"line":9,"column":57},"end":{"line":16,"column":1}},"line":9},"1":{"name":"(anonymous_1)","decl":{"start":{"line":21,"column":33},"end":{"line":21,"column":34}},"loc":{"start":{"line":21,"column":59},"end":{"line":41,"column":1}},"line":21},"2":{"name":"(anonymous_2)","decl":{"start":{"line":46,"column":38},"end":{"line":46,"column":39}},"loc":{"start":{"line":46,"column":64},"end":{"line":67,"column":1}},"line":46},"3":{"name":"(anonymous_3)","decl":{"start":{"line":72,"column":38},"end":{"line":72,"column":39}},"loc":{"start":{"line":72,"column":64},"end":{"line":88,"column":1}},"line":72},"4":{"name":"(anonymous_4)","decl":{"start":{"line":93,"column":33},"end":{"line":93,"column":34}},"loc":{"start":{"line":93,"column":59},"end":{"line":103,"column":1}},"line":93},"5":{"name":"(anonymous_5)","decl":{"start":{"line":108,"column":38},"end":{"line":108,"column":39}},"loc":{"start":{"line":108,"column":64},"end":{"line":119,"column":1}},"line":108},"6":{"name":"(anonymous_6)","decl":{"start":{"line":124,"column":34},"end":{"line":124,"column":35}},"loc":{"start":{"line":124,"column":60},"end":{"line":151,"column":1}},"line":124}},"branchMap":{"0":{"loc":{"start":{"line":22,"column":21},"end":{"line":22,"column":33}},"type":"default-arg","locations":[{"start":{"line":22,"column":32},"end":{"line":22,"column":33}}],"line":22},"1":{"loc":{"start":{"line":24,"column":2},"end":{"line":26,"column":3}},"type":"if","locations":[{"start":{"line":24,"column":2},"end":{"line":26,"column":3}},{"start":{},"end":{}}],"line":24},"2":{"loc":{"start":{"line":50,"column":2},"end":{"line":52,"column":3}},"type":"if","locations":[{"start":{"line":50,"column":2},"end":{"line":52,"column":3}},{"start":{},"end":{}}],"line":50},"3":{"loc":{"start":{"line":50,"column":6},"end":{"line":50,"column":49}},"type":"binary-expr","locations":[{"start":{"line":50,"column":6},"end":{"line":50,"column":28}},{"start":{"line":50,"column":32},"end":{"line":50,"column":49}}],"line":50},"4":{"loc":{"start":{"line":127,"column":2},"end":{"line":129,"column":3}},"type":"if","locations":[{"start":{"line":127,"column":2},"end":{"line":129,"column":3}},{"start":{},"end":{}}],"line":127},"5":{"loc":{"start":{"line":127,"column":6},"end":{"line":127,"column":51}},"type":"binary-expr","locations":[{"start":{"line":127,"column":6},"end":{"line":127,"column":16}},{"start":{"line":127,"column":20},"end":{"line":127,"column":51}}],"line":127}},"s":{"0":0,"1":0,"2":0,"3":0,"4":0,"5":0,"6":0,"7":0,"8":0,"9":0,"10":0,"11":0,"12":0,"13":0,"14":0,"15":0,"16":0,"17":0,"18":0,"19":0,"20":0,"21":0,"22":0,"23":0,"24":0,"25":0,"26":0,"27":0,"28":0,"29":0,"30":0,"31":0,"32":0,"33":0,"34":0,"35":0,"36":0,"37":0,"38":0,"39":0,"40":0,"41":0,"42":0,"43":0,"44":0,"45":0,"46":0,"47":0},"f":{"0":0,"1":0,"2":0,"3":0,"4":0,"5":0,"6":0},"b":{"0":[0],"1":[0,0],"2":[0,0],"3":[0,0],"4":[0,0],"5":[0,0]}},"C:\\Users\\user\\Desktop\\JS Sample\\backend\\controllers\\orderController.js":{"path":"C:\\Users\\user\\Desktop\\JS Sample\\backend\\controllers\\orderController.js","statementMap":{"0":{"start":{"line":1,"column":14},"end":{"line":1,"column":40}},"1":{"start":{"line":2,"column":13},"end":{"line":2,"column":38}},"2":{"start":{"line":3,"column":16},"end":{"line":3,"column":44}},"3":{"start":{"line":4,"column":22},"end":{"line":4,"column":55}},"4":{"start":{"line":5,"column":21},"end":{"line":5,"column":51}},"5":{"start":{"line":6,"column":23},"end":{"line":6,"column":38}},"6":{"start":{"line":11,"column":0},"end":{"line":108,"column":3}},"7":{"start":{"line":20,"column":6},"end":{"line":20,"column":14}},"8":{"start":{"line":22,"column":2},"end":{"line":24,"column":3}},"9":{"start":{"line":23,"column":4},"end":{"line":23,"column":58}},"10":{"start":{"line":27,"column":21},"end":{"line":27,"column":57}},"11":{"start":{"line":27,"column":44},"end":{"line":27,"column":56}},"12":{"start":{"line":28,"column":19},"end":{"line":28,"column":67}},"13":{"start":{"line":30,"column":2},"end":{"line":32,"column":3}},"14":{"start":{"line":31,"column":4},"end":{"line":31,"column":74}},"15":{"start":{"line":35,"column":29},"end":{"line":35,"column":30}},"16":{"start":{"line":36,"column":32},"end":{"line":36,"column":34}},"17":{"start":{"line":38,"column":2},"end":{"line":56,"column":3}},"18":{"start":{"line":39,"column":20},"end":{"line":39,"column":73}},"19":{"start":{"line":39,"column":39},"end":{"line":39,"column":72}},"20":{"start":{"line":41,"column":4},"end":{"line":45,"column":5}},"21":{"start":{"line":42,"column":6},"end":{"line":44,"column":8}},"22":{"start":{"line":47,"column":4},"end":{"line":47,"column":55}},"23":{"start":{"line":49,"column":4},"end":{"line":55,"column":7}},"24":{"start":{"line":59,"column":2},"end":{"line":61,"column":3}},"25":{"start":{"line":60,"column":4},"end":{"line":60,"column":72}},"26":{"start":{"line":64,"column":29},"end":{"line":64,"column":79}},"27":{"start":{"line":65,"column":34},"end":{"line":65,"column":78}},"28":{"start":{"line":66,"column":31},"end":{"line":70,"column":14}},"29":{"start":{"line":72,"column":2},"end":{"line":74,"column":3}},"30":{"start":{"line":73,"column":4},"end":{"line":73,"column":70}},"31":{"start":{"line":77,"column":16},"end":{"line":94,"column":4}},"32":{"start":{"line":96,"column":23},"end":{"line":96,"column":41}},"33":{"start":{"line":99,"column":15},"end":{"line":99,"column":57}},"34":{"start":{"line":100,"column":2},"end":{"line":102,"column":3}},"35":{"start":{"line":101,"column":4},"end":{"line":101,"column":27}},"36":{"start":{"line":104,"column":2},"end":{"line":107,"column":5}},"37":{"start":{"line":113,"column":0},"end":{"line":137,"column":3}},"38":{"start":{"line":114,"column":16},"end":{"line":117,"column":3}},"39":{"start":{"line":119,"column":2},"end":{"line":121,"column":3}},"40":{"start":{"line":120,"column":4},"end":{"line":120,"column":59}},"41":{"start":{"line":124,"column":2},"end":{"line":131,"column":3}},"42":{"start":{"line":128,"column":4},"end":{"line":130,"column":6}},"43":{"start":{"line":133,"column":2},"end":{"line":136,"column":5}},"44":{"start":{"line":142,"column":0},"end":{"line":182,"column":3}},"45":{"start":{"line":143,"column":16},"end":{"line":143,"column":51}},"46":{"start":{"line":145,"column":2},"end":{"line":147,"column":3}},"47":{"start":{"line":146,"column":4},"end":{"line":146,"column":59}},"48":{"start":{"line":150,"column":2},"end":{"line":157,"column":3}},"49":{"start":{"line":154,"column":4},"end":{"line":156,"column":6}},"50":{"start":{"line":159,"column":2},"end":{"line":159,"column":22}},"51":{"start":{"line":160,"column":2},"end":{"line":160,"column":28}},"52":{"start":{"line":161,"column":2},"end":{"line":166,"column":4}},"53":{"start":{"line":169,"column":2},"end":{"line":174,"column":5}},"54":{"start":{"line":176,"column":23},"end":{"line":176,"column":41}},"55":{"start":{"line":178,"column":2},"end":{"line":181,"column":5}},"56":{"start":{"line":187,"column":0},"end":{"line":212,"column":3}},"57":{"start":{"line":188,"column":16},"end":{"line":188,"column":51}},"58":{"start":{"line":190,"column":2},"end":{"line":192,"column":3}},"59":{"start":{"line":191,"column":4},"end":{"line":191,"column":59}},"60":{"start":{"line":194,"column":2},"end":{"line":194,"column":27}},"61":{"start":{"line":195,"column":2},"end":{"line":195,"column":33}},"62":{"start":{"line":196,"column":2},"end":{"line":196,"column":34}},"63":{"start":{"line":199,"column":2},"end":{"line":204,"column":5}},"64":{"start":{"line":206,"column":23},"end":{"line":206,"column":41}},"65":{"start":{"line":208,"column":2},"end":{"line":211,"column":5}},"66":{"start":{"line":217,"column":0},"end":{"line":252,"column":3}},"67":{"start":{"line":218,"column":56},"end":{"line":218,"column":64}},"68":{"start":{"line":220,"column":2},"end":{"line":222,"column":3}},"69":{"start":{"line":221,"column":4},"end":{"line":221,"column":62}},"70":{"start":{"line":224,"column":16},"end":{"line":224,"column":51}},"71":{"start":{"line":226,"column":2},"end":{"line":228,"column":3}},"72":{"start":{"line":227,"column":4},"end":{"line":227,"column":59}},"73":{"start":{"line":231,"column":2},"end":{"line":231,"column":29}},"74":{"start":{"line":234,"column":2},"end":{"line":236,"column":3}},"75":{"start":{"line":235,"column":4},"end":{"line":235,"column":42}},"76":{"start":{"line":239,"column":2},"end":{"line":244,"column":5}},"77":{"start":{"line":246,"column":23},"end":{"line":246,"column":41}},"78":{"start":{"line":248,"column":2},"end":{"line":251,"column":5}},"79":{"start":{"line":257,"column":0},"end":{"line":265,"column":3}},"80":{"start":{"line":258,"column":17},"end":{"line":258,"column":81}},"81":{"start":{"line":260,"column":2},"end":{"line":264,"column":5}},"82":{"start":{"line":270,"column":0},"end":{"line":280,"column":3}},"83":{"start":{"line":271,"column":17},"end":{"line":273,"column":28}},"84":{"start":{"line":275,"column":2},"end":{"line":279,"column":5}},"85":{"start":{"line":285,"column":0},"end":{"line":311,"column":3}},"86":{"start":{"line":286,"column":23},"end":{"line":305,"column":4}},"87":{"start":{"line":307,"column":2},"end":{"line":310,"column":5}},"88":{"start":{"line":316,"column":0},"end":{"line":337,"column":3}},"89":{"start":{"line":317,"column":16},"end":{"line":331,"column":4}},"90":{"start":{"line":333,"column":2},"end":{"line":336,"column":5}}},"fnMap":{"0":{"name":"(anonymous_0)","decl":{"start":{"line":11,"column":35},"end":{"line":11,"column":36}},"loc":{"start":{"line":11,"column":61},"end":{"line":108,"column":1}},"line":11},"1":{"name":"(anonymous_1)","decl":{"start":{"line":27,"column":36},"end":{"line":27,"column":37}},"loc":{"start":{"line":27,"column":44},"end":{"line":27,"column":56}},"line":27},"2":{"name":"(anonymous_2)","decl":{"start":{"line":39,"column":34},"end":{"line":39,"column":35}},"loc":{"start":{"line":39,"column":39},"end":{"line":39,"column":72}},"line":39},"3":{"name":"(anonymous_3)","decl":{"start":{"line":113,"column":36},"end":{"line":113,"column":37}},"loc":{"start":{"line":113,"column":62},"end":{"line":137,"column":1}},"line":113},"4":{"name":"(anonymous_4)","decl":{"start":{"line":142,"column":41},"end":{"line":142,"column":42}},"loc":{"start":{"line":142,"column":67},"end":{"line":182,"column":1}},"line":142},"5":{"name":"(anonymous_5)","decl":{"start":{"line":187,"column":46},"end":{"line":187,"column":47}},"loc":{"start":{"line":187,"column":72},"end":{"line":212,"column":1}},"line":187},"6":{"name":"(anonymous_6)","decl":{"start":{"line":217,"column":41},"end":{"line":217,"column":42}},"loc":{"start":{"line":217,"column":67},"end":{"line":252,"column":1}},"line":217},"7":{"name":"(anonymous_7)","decl":{"start":{"line":257,"column":35},"end":{"line":257,"column":36}},"loc":{"start":{"line":257,"column":61},"end":{"line":265,"column":1}},"line":257},"8":{"name":"(anonymous_8)","decl":{"start":{"line":270,"column":33},"end":{"line":270,"column":34}},"loc":{"start":{"line":270,"column":59},"end":{"line":280,"column":1}},"line":270},"9":{"name":"(anonymous_9)","decl":{"start":{"line":285,"column":39},"end":{"line":285,"column":40}},"loc":{"start":{"line":285,"column":65},"end":{"line":311,"column":1}},"line":285},"10":{"name":"(anonymous_10)","decl":{"start":{"line":316,"column":37},"end":{"line":316,"column":38}},"loc":{"start":{"line":316,"column":63},"end":{"line":337,"column":1}},"line":316}},"branchMap":{"0":{"loc":{"start":{"line":22,"column":2},"end":{"line":24,"column":3}},"type":"if","locations":[{"start":{"line":22,"column":2},"end":{"line":24,"column":3}},{"start":{},"end":{}}],"line":22},"1":{"loc":{"start":{"line":22,"column":6},"end":{"line":22,"column":44}},"type":"binary-expr","locations":[{"start":{"line":22,"column":6},"end":{"line":22,"column":17}},{"start":{"line":22,"column":21},"end":{"line":22,"column":44}}],"line":22},"2":{"loc":{"start":{"line":30,"column":2},"end":{"line":32,"column":3}},"type":"if","locations":[{"start":{"line":30,"column":2},"end":{"line":32,"column":3}},{"start":{},"end":{}}],"line":30},"3":{"loc":{"start":{"line":41,"column":4},"end":{"line":45,"column":5}},"type":"if","locations":[{"start":{"line":41,"column":4},"end":{"line":45,"column":5}},{"start":{},"end":{}}],"line":41},"4":{"loc":{"start":{"line":53,"column":13},"end":{"line":53,"column":55}},"type":"binary-expr","locations":[{"start":{"line":53,"column":13},"end":{"line":53,"column":23}},{"start":{"line":53,"column":27},"end":{"line":53,"column":49}},{"start":{"line":53,"column":53},"end":{"line":53,"column":55}}],"line":53},"5":{"loc":{"start":{"line":59,"column":2},"end":{"line":61,"column":3}},"type":"if","locations":[{"start":{"line":59,"column":2},"end":{"line":61,"column":3}},{"start":{},"end":{}}],"line":59},"6":{"loc":{"start":{"line":64,"column":29},"end":{"line":64,"column":79}},"type":"binary-expr","locations":[{"start":{"line":64,"column":29},"end":{"line":64,"column":37}},{"start":{"line":64,"column":41},"end":{"line":64,"column":79}}],"line":64},"7":{"loc":{"start":{"line":65,"column":34},"end":{"line":65,"column":78}},"type":"binary-expr","locations":[{"start":{"line":65,"column":34},"end":{"line":65,"column":47}},{"start":{"line":65,"column":52},"end":{"line":65,"column":77}}],"line":65},"8":{"loc":{"start":{"line":65,"column":52},"end":{"line":65,"column":77}},"type":"cond-expr","locations":[{"start":{"line":65,"column":71},"end":{"line":65,"column":72}},{"start":{"line":65,"column":75},"end":{"line":65,"column":77}}],"line":65},"9":{"loc":{"start":{"line":72,"column":2},"end":{"line":74,"column":3}},"type":"if","locations":[{"start":{"line":72,"column":2},"end":{"line":74,"column":3}},{"start":{},"end":{}}],"line":72},"10":{"loc":{"start":{"line":100,"column":2},"end":{"line":102,"column":3}},"type":"if","locations":[{"start":{"line":100,"column":2},"end":{"line":102,"column":3}},{"start":{},"end":{}}],"line":100},"11":{"loc":{"start":{"line":119,"column":2},"end":{"line":121,"column":3}},"type":"if","locations":[{"start":{"line":119,"column":2},"end":{"line":121,"column":3}},{"start":{},"end":{}}],"line":119},"12":{"loc":{"start":{"line":124,"column":2},"end":{"line":131,"column":3}},"type":"if","locations":[{"start":{"line":124,"column":2},"end":{"line":131,"column":3}},{"start":{},"end":{}}],"line":124},"13":{"loc":{"start":{"line":125,"column":4},"end":{"line":126,"column":29}},"type":"binary-expr","locations":[{"start":{"line":125,"column":4},"end":{"line":125,"column":57}},{"start":{"line":126,"column":4},"end":{"line":126,"column":29}}],"line":125},"14":{"loc":{"start":{"line":145,"column":2},"end":{"line":147,"column":3}},"type":"if","locations":[{"start":{"line":145,"column":2},"end":{"line":147,"column":3}},{"start":{},"end":{}}],"line":145},"15":{"loc":{"start":{"line":150,"column":2},"end":{"line":157,"column":3}},"type":"if","locations":[{"start":{"line":150,"column":2},"end":{"line":157,"column":3}},{"start":{},"end":{}}],"line":150},"16":{"loc":{"start":{"line":151,"column":4},"end":{"line":152,"column":29}},"type":"binary-expr","locations":[{"start":{"line":151,"column":4},"end":{"line":151,"column":53}},{"start":{"line":152,"column":4},"end":{"line":152,"column":29}}],"line":151},"17":{"loc":{"start":{"line":162,"column":8},"end":{"line":162,"column":31}},"type":"binary-expr","locations":[{"start":{"line":162,"column":8},"end":{"line":162,"column":19}},{"start":{"line":162,"column":23},"end":{"line":162,"column":31}}],"line":162},"18":{"loc":{"start":{"line":163,"column":12},"end":{"line":163,"column":42}},"type":"binary-expr","locations":[{"start":{"line":163,"column":12},"end":{"line":163,"column":27}},{"start":{"line":163,"column":31},"end":{"line":163,"column":42}}],"line":163},"19":{"loc":{"start":{"line":164,"column":17},"end":{"line":164,"column":65}},"type":"binary-expr","locations":[{"start":{"line":164,"column":17},"end":{"line":164,"column":37}},{"start":{"line":164,"column":41},"end":{"line":164,"column":65}}],"line":164},"20":{"loc":{"start":{"line":165,"column":19},"end":{"line":165,"column":59}},"type":"binary-expr","locations":[{"start":{"line":165,"column":19},"end":{"line":165,"column":41}},{"start":{"line":165,"column":45},"end":{"line":165,"column":59}}],"line":165},"21":{"loc":{"start":{"line":190,"column":2},"end":{"line":192,"column":3}},"type":"if","locations":[{"start":{"line":190,"column":2},"end":{"line":192,"column":3}},{"start":{},"end":{}}],"line":190},"22":{"loc":{"start":{"line":220,"column":2},"end":{"line":222,"column":3}},"type":"if","locations":[{"start":{"line":220,"column":2},"end":{"line":222,"column":3}},{"start":{},"end":{}}],"line":220},"23":{"loc":{"start":{"line":226,"column":2},"end":{"line":228,"column":3}},"type":"if","locations":[{"start":{"line":226,"column":2},"end":{"line":228,"column":3}},{"start":{},"end":{}}],"line":226},"24":{"loc":{"start":{"line":234,"column":2},"end":{"line":236,"column":3}},"type":"if","locations":[{"start":{"line":234,"column":2},"end":{"line":236,"column":3}},{"start":{},"end":{}}],"line":234},"25":{"loc":{"start":{"line":242,"column":14},"end":{"line":242,"column":45}},"type":"binary-expr","locations":[{"start":{"line":242,"column":14},"end":{"line":242,"column":22}},{"start":{"line":242,"column":26},"end":{"line":242,"column":45}}],"line":242},"26":{"loc":{"start":{"line":243,"column":13},"end":{"line":243,"column":59}},"type":"binary-expr","locations":[{"start":{"line":243,"column":13},"end":{"line":243,"column":20}},{"start":{"line":243,"column":24},"end":{"line":243,"column":59}}],"line":243},"27":{"loc":{"start":{"line":335,"column":10},"end":{"line":335,"column":24}},"type":"binary-expr","locations":[{"start":{"line":335,"column":10},"end":{"line":335,"column":18}},{"start":{"line":335,"column":22},"end":{"line":335,"column":24}}],"line":335}},"s":{"0":0,"1":0,"2":0,"3":0,"4":0,"5":0,"6":0,"7":0,"8":0,"9":0,"10":0,"11":0,"12":0,"13":0,"14":0,"15":0,"16":0,"17":0,"18":0,"19":0,"20":0,"21":0,"22":0,"23":0,"24":0,"25":0,"26":0,"27":0,"28":0,"29":0,"30":0,"31":0,"32":0,"33":0,"34":0,"35":0,"36":0,"37":0,"38":0,"39":0,"40":0,"41":0,"42":0,"43":0,"44":0,"45":0,"46":0,"47":0,"48":0,"49":0,"50":0,"51":0,"52":0,"53":0,"54":0,"55":0,"56":0,"57":0,"58":0,"59":0,"60":0,"61":0,"62":0,"63":0,"64":0,"65":0,"66":0,"67":0,"68":0,"69":0,"70":0,"71":0,"72":0,"73":0,"74":0,"75":0,"76":0,"77":0,"78":0,"79":0,"80":0,"81":0,"82":0,"83":0,"84":0,"85":0,"86":0,"87":0,"88":0,"89":0,"90":0},"f":{"0":0,"1":0,"2":0,"3":0,"4":0,"5":0,"6":0,"7":0,"8":0,"9":0,"10":0},"b":{"0":[0,0],"1":[0,0],"2":[0,0],"3":[0,0],"4":[0,0,0],"5":[0,0],"6":[0,0],"7":[0,0],"8":[0,0],"9":[0,0],"10":[0,0],"11":[0,0],"12":[0,0],"13":[0,0],"14":[0,0],"15":[0,0],"16":[0,0],"17":[0,0],"18":[0,0],"19":[0,0],"20":[0,0],"21":[0,0],"22":[0,0],"23":[0,0],"24":[0,0],"25":[0,0],"26":[0,0],"27":[0,0]}},"C:\\Users\\user\\Desktop\\JS Sample\\backend\\controllers\\productController.js":{"path":"C:\\Users\\user\\Desktop\\JS Sample\\backend\\controllers\\productController.js","statementMap":{"0":{"start":{"line":1,"column":16},"end":{"line":1,"column":44}},"1":{"start":{"line":2,"column":22},"end":{"line":2,"column":55}},"2":{"start":{"line":3,"column":21},"end":{"line":3,"column":51}},"3":{"start":{"line":4,"column":13},"end":{"line":4,"column":28}},"4":{"start":{"line":9,"column":0},"end":{"line":77,"column":3}},"5":{"start":{"line":11,"column":19},"end":{"line":11,"column":35}},"6":{"start":{"line":14,"column":23},"end":{"line":14,"column":58}},"7":{"start":{"line":17,"column":2},"end":{"line":17,"column":56}},"8":{"start":{"line":17,"column":32},"end":{"line":17,"column":54}},"9":{"start":{"line":20,"column":17},"end":{"line":20,"column":41}},"10":{"start":{"line":23,"column":2},"end":{"line":23,"column":79}},"11":{"start":{"line":23,"column":66},"end":{"line":23,"column":77}},"12":{"start":{"line":26,"column":14},"end":{"line":26,"column":48}},"13":{"start":{"line":29,"column":2},"end":{"line":32,"column":3}},"14":{"start":{"line":30,"column":19},"end":{"line":30,"column":56}},"15":{"start":{"line":31,"column":4},"end":{"line":31,"column":33}},"16":{"start":{"line":35,"column":2},"end":{"line":40,"column":3}},"17":{"start":{"line":36,"column":19},"end":{"line":36,"column":54}},"18":{"start":{"line":37,"column":4},"end":{"line":37,"column":31}},"19":{"start":{"line":39,"column":4},"end":{"line":39,"column":37}},"20":{"start":{"line":43,"column":15},"end":{"line":43,"column":48}},"21":{"start":{"line":44,"column":16},"end":{"line":44,"column":51}},"22":{"start":{"line":45,"column":21},"end":{"line":45,"column":39}},"23":{"start":{"line":46,"column":19},"end":{"line":46,"column":31}},"24":{"start":{"line":47,"column":16},"end":{"line":47,"column":66}},"25":{"start":{"line":49,"column":2},"end":{"line":49,"column":46}},"26":{"start":{"line":52,"column":19},"end":{"line":52,"column":30}},"27":{"start":{"line":55,"column":21},"end":{"line":55,"column":23}},"28":{"start":{"line":57,"column":2},"end":{"line":62,"column":3}},"29":{"start":{"line":58,"column":4},"end":{"line":61,"column":6}},"30":{"start":{"line":64,"column":2},"end":{"line":69,"column":3}},"31":{"start":{"line":65,"column":4},"end":{"line":68,"column":6}},"32":{"start":{"line":71,"column":2},"end":{"line":76,"column":5}},"33":{"start":{"line":82,"column":0},"end":{"line":102,"column":3}},"34":{"start":{"line":83,"column":18},"end":{"line":90,"column":4}},"35":{"start":{"line":92,"column":2},"end":{"line":96,"column":3}},"36":{"start":{"line":93,"column":4},"end":{"line":95,"column":6}},"37":{"start":{"line":98,"column":2},"end":{"line":101,"column":5}},"38":{"start":{"line":107,"column":0},"end":{"line":117,"column":3}},"39":{"start":{"line":109,"column":2},"end":{"line":109,"column":32}},"40":{"start":{"line":111,"column":18},"end":{"line":111,"column":48}},"41":{"start":{"line":113,"column":2},"end":{"line":116,"column":5}},"42":{"start":{"line":122,"column":0},"end":{"line":147,"column":3}},"43":{"start":{"line":123,"column":16},"end":{"line":123,"column":53}},"44":{"start":{"line":125,"column":2},"end":{"line":129,"column":3}},"45":{"start":{"line":126,"column":4},"end":{"line":128,"column":6}},"46":{"start":{"line":132,"column":2},"end":{"line":139,"column":3}},"47":{"start":{"line":133,"column":4},"end":{"line":138,"column":6}},"48":{"start":{"line":141,"column":2},"end":{"line":144,"column":5}},"49":{"start":{"line":146,"column":2},"end":{"line":146,"column":57}},"50":{"start":{"line":152,"column":0},"end":{"line":174,"column":3}},"51":{"start":{"line":153,"column":18},"end":{"line":153,"column":55}},"52":{"start":{"line":155,"column":2},"end":{"line":159,"column":3}},"53":{"start":{"line":156,"column":4},"end":{"line":158,"column":6}},"54":{"start":{"line":162,"column":2},"end":{"line":169,"column":3}},"55":{"start":{"line":163,"column":4},"end":{"line":168,"column":6}},"56":{"start":{"line":171,"column":2},"end":{"line":171,"column":25}},"57":{"start":{"line":173,"column":2},"end":{"line":173,"column":52}},"58":{"start":{"line":179,"column":0},"end":{"line":237,"column":3}},"59":{"start":{"line":180,"column":18},"end":{"line":180,"column":55}},"60":{"start":{"line":182,"column":2},"end":{"line":186,"column":3}},"61":{"start":{"line":183,"column":4},"end":{"line":185,"column":6}},"62":{"start":{"line":189,"column":2},"end":{"line":196,"column":3}},"63":{"start":{"line":190,"column":4},"end":{"line":195,"column":6}},"64":{"start":{"line":198,"column":2},"end":{"line":200,"column":3}},"65":{"start":{"line":199,"column":4},"end":{"line":199,"column":64}},"66":{"start":{"line":202,"column":15},"end":{"line":202,"column":29}},"67":{"start":{"line":205,"column":2},"end":{"line":207,"column":3}},"68":{"start":{"line":206,"column":4},"end":{"line":206,"column":71}},"69":{"start":{"line":210,"column":2},"end":{"line":217,"column":3}},"70":{"start":{"line":211,"column":4},"end":{"line":216,"column":6}},"71":{"start":{"line":220,"column":2},"end":{"line":220,"column":65}},"72":{"start":{"line":222,"column":2},"end":{"line":236,"column":5}},"73":{"start":{"line":223,"column":4},"end":{"line":226,"column":5}},"74":{"start":{"line":224,"column":6},"end":{"line":224,"column":25}},"75":{"start":{"line":225,"column":6},"end":{"line":225,"column":70}},"76":{"start":{"line":228,"column":4},"end":{"line":230,"column":7}},"77":{"start":{"line":232,"column":4},"end":{"line":235,"column":7}},"78":{"start":{"line":242,"column":0},"end":{"line":264,"column":3}},"79":{"start":{"line":243,"column":32},"end":{"line":243,"column":42}},"80":{"start":{"line":246,"column":14},"end":{"line":246,"column":45}},"81":{"start":{"line":247,"column":14},"end":{"line":247,"column":29}},"82":{"start":{"line":248,"column":14},"end":{"line":248,"column":30}},"83":{"start":{"line":253,"column":17},"end":{"line":253,"column":32}},"84":{"start":{"line":255,"column":19},"end":{"line":257,"column":4}},"85":{"start":{"line":259,"column":2},"end":{"line":263,"column":5}},"86":{"start":{"line":269,"column":0},"end":{"line":309,"column":3}},"87":{"start":{"line":270,"column":30},"end":{"line":270,"column":38}},"88":{"start":{"line":271,"column":18},"end":{"line":271,"column":55}},"89":{"start":{"line":273,"column":2},"end":{"line":277,"column":3}},"90":{"start":{"line":274,"column":4},"end":{"line":276,"column":6}},"91":{"start":{"line":280,"column":26},"end":{"line":282,"column":3}},"92":{"start":{"line":281,"column":9},"end":{"line":281,"column":42}},"93":{"start":{"line":284,"column":2},"end":{"line":288,"column":3}},"94":{"start":{"line":285,"column":4},"end":{"line":287,"column":6}},"95":{"start":{"line":290,"column":17},"end":{"line":295,"column":3}},"96":{"start":{"line":297,"column":2},"end":{"line":297,"column":31}},"97":{"start":{"line":298,"column":2},"end":{"line":298,"column":46}},"98":{"start":{"line":299,"column":2},"end":{"line":301,"column":27}},"99":{"start":{"line":300,"column":42},"end":{"line":300,"column":59}},"100":{"start":{"line":303,"column":2},"end":{"line":303,"column":52}},"101":{"start":{"line":305,"column":2},"end":{"line":308,"column":5}},"102":{"start":{"line":314,"column":0},"end":{"line":322,"column":3}},"103":{"start":{"line":315,"column":19},"end":{"line":315,"column":71}},"104":{"start":{"line":317,"column":2},"end":{"line":321,"column":5}}},"fnMap":{"0":{"name":"(anonymous_0)","decl":{"start":{"line":9,"column":35},"end":{"line":9,"column":36}},"loc":{"start":{"line":9,"column":61},"end":{"line":77,"column":1}},"line":9},"1":{"name":"(anonymous_1)","decl":{"start":{"line":17,"column":23},"end":{"line":17,"column":24}},"loc":{"start":{"line":17,"column":32},"end":{"line":17,"column":54}},"line":17},"2":{"name":"(anonymous_2)","decl":{"start":{"line":23,"column":57},"end":{"line":23,"column":58}},"loc":{"start":{"line":23,"column":66},"end":{"line":23,"column":77}},"line":23},"3":{"name":"(anonymous_3)","decl":{"start":{"line":82,"column":34},"end":{"line":82,"column":35}},"loc":{"start":{"line":82,"column":60},"end":{"line":102,"column":1}},"line":82},"4":{"name":"(anonymous_4)","decl":{"start":{"line":107,"column":37},"end":{"line":107,"column":38}},"loc":{"start":{"line":107,"column":63},"end":{"line":117,"column":1}},"line":107},"5":{"name":"(anonymous_5)","decl":{"start":{"line":122,"column":37},"end":{"line":122,"column":38}},"loc":{"start":{"line":122,"column":63},"end":{"line":147,"column":1}},"line":122},"6":{"name":"(anonymous_6)","decl":{"start":{"line":152,"column":37},"end":{"line":152,"column":38}},"loc":{"start":{"line":152,"column":63},"end":{"line":174,"column":1}},"line":152},"7":{"name":"(anonymous_7)","decl":{"start":{"line":179,"column":42},"end":{"line":179,"column":43}},"loc":{"start":{"line":179,"column":68},"end":{"line":237,"column":1}},"line":179},"8":{"name":"(anonymous_8)","decl":{"start":{"line":222,"column":58},"end":{"line":222,"column":59}},"loc":{"start":{"line":222,"column":71},"end":{"line":236,"column":3}},"line":222},"9":{"name":"(anonymous_9)","decl":{"start":{"line":242,"column":43},"end":{"line":242,"column":44}},"loc":{"start":{"line":242,"column":69},"end":{"line":264,"column":1}},"line":242},"10":{"name":"(anonymous_10)","decl":{"start":{"line":269,"column":43},"end":{"line":269,"column":44}},"loc":{"start":{"line":269,"column":69},"end":{"line":309,"column":1}},"line":269},"11":{"name":"(anonymous_11)","decl":{"start":{"line":281,"column":4},"end":{"line":281,"column":5}},"loc":{"start":{"line":281,"column":9},"end":{"line":281,"column":42}},"line":281},"12":{"name":"(anonymous_12)","decl":{"start":{"line":300,"column":27},"end":{"line":300,"column":28}},"loc":{"start":{"line":300,"column":42},"end":{"line":300,"column":59}},"line":300},"13":{"name":"(anonymous_13)","decl":{"start":{"line":314,"column":38},"end":{"line":314,"column":39}},"loc":{"start":{"line":314,"column":64},"end":{"line":322,"column":1}},"line":314}},"branchMap":{"0":{"loc":{"start":{"line":29,"column":2},"end":{"line":32,"column":3}},"type":"if","locations":[{"start":{"line":29,"column":2},"end":{"line":32,"column":3}},{"start":{},"end":{}}],"line":29},"1":{"loc":{"start":{"line":35,"column":2},"end":{"line":40,"column":3}},"type":"if","locations":[{"start":{"line":35,"column":2},"end":{"line":40,"column":3}},{"start":{"line":38,"column":9},"end":{"line":40,"column":3}}],"line":35},"2":{"loc":{"start":{"line":43,"column":15},"end":{"line":43,"column":48}},"type":"binary-expr","locations":[{"start":{"line":43,"column":15},"end":{"line":43,"column":43}},{"start":{"line":43,"column":47},"end":{"line":43,"column":48}}],"line":43},"3":{"loc":{"start":{"line":44,"column":16},"end":{"line":44,"column":51}},"type":"binary-expr","locations":[{"start":{"line":44,"column":16},"end":{"line":44,"column":45}},{"start":{"line":44,"column":49},"end":{"line":44,"column":51}}],"line":44},"4":{"loc":{"start":{"line":57,"column":2},"end":{"line":62,"column":3}},"type":"if","locations":[{"start":{"line":57,"column":2},"end":{"line":62,"column":3}},{"start":{},"end":{}}],"line":57},"5":{"loc":{"start":{"line":64,"column":2},"end":{"line":69,"column":3}},"type":"if","locations":[{"start":{"line":64,"column":2},"end":{"line":69,"column":3}},{"start":{},"end":{}}],"line":64},"6":{"loc":{"start":{"line":92,"column":2},"end":{"line":96,"column":3}},"type":"if","locations":[{"start":{"line":92,"column":2},"end":{"line":96,"column":3}},{"start":{},"end":{}}],"line":92},"7":{"loc":{"start":{"line":125,"column":2},"end":{"line":129,"column":3}},"type":"if","locations":[{"start":{"line":125,"column":2},"end":{"line":129,"column":3}},{"start":{},"end":{}}],"line":125},"8":{"loc":{"start":{"line":132,"column":2},"end":{"line":139,"column":3}},"type":"if","locations":[{"start":{"line":132,"column":2},"end":{"line":139,"column":3}},{"start":{},"end":{}}],"line":132},"9":{"loc":{"start":{"line":132,"column":6},"end":{"line":132,"column":76}},"type":"binary-expr","locations":[{"start":{"line":132,"column":6},"end":{"line":132,"column":47}},{"start":{"line":132,"column":51},"end":{"line":132,"column":76}}],"line":132},"10":{"loc":{"start":{"line":155,"column":2},"end":{"line":159,"column":3}},"type":"if","locations":[{"start":{"line":155,"column":2},"end":{"line":159,"column":3}},{"start":{},"end":{}}],"line":155},"11":{"loc":{"start":{"line":162,"column":2},"end":{"line":169,"column":3}},"type":"if","locations":[{"start":{"line":162,"column":2},"end":{"line":169,"column":3}},{"start":{},"end":{}}],"line":162},"12":{"loc":{"start":{"line":162,"column":6},"end":{"line":162,"column":76}},"type":"binary-expr","locations":[{"start":{"line":162,"column":6},"end":{"line":162,"column":47}},{"start":{"line":162,"column":51},"end":{"line":162,"column":76}}],"line":162},"13":{"loc":{"start":{"line":182,"column":2},"end":{"line":186,"column":3}},"type":"if","locations":[{"start":{"line":182,"column":2},"end":{"line":186,"column":3}},{"start":{},"end":{}}],"line":182},"14":{"loc":{"start":{"line":189,"column":2},"end":{"line":196,"column":3}},"type":"if","locations":[{"start":{"line":189,"column":2},"end":{"line":196,"column":3}},{"start":{},"end":{}}],"line":189},"15":{"loc":{"start":{"line":189,"column":6},"end":{"line":189,"column":76}},"type":"binary-expr","locations":[{"start":{"line":189,"column":6},"end":{"line":189,"column":47}},{"start":{"line":189,"column":51},"end":{"line":189,"column":76}}],"line":189},"16":{"loc":{"start":{"line":198,"column":2},"end":{"line":200,"column":3}},"type":"if","locations":[{"start":{"line":198,"column":2},"end":{"line":200,"column":3}},{"start":{},"end":{}}],"line":198},"17":{"loc":{"start":{"line":205,"column":2},"end":{"line":207,"column":3}},"type":"if","locations":[{"start":{"line":205,"column":2},"end":{"line":207,"column":3}},{"start":{},"end":{}}],"line":205},"18":{"loc":{"start":{"line":210,"column":2},"end":{"line":217,"column":3}},"type":"if","locations":[{"start":{"line":210,"column":2},"end":{"line":217,"column":3}},{"start":{},"end":{}}],"line":210},"19":{"loc":{"start":{"line":223,"column":4},"end":{"line":226,"column":5}},"type":"if","locations":[{"start":{"line":223,"column":4},"end":{"line":226,"column":5}},{"start":{},"end":{}}],"line":223},"20":{"loc":{"start":{"line":273,"column":2},"end":{"line":277,"column":3}},"type":"if","locations":[{"start":{"line":273,"column":2},"end":{"line":277,"column":3}},{"start":{},"end":{}}],"line":273},"21":{"loc":{"start":{"line":284,"column":2},"end":{"line":288,"column":3}},"type":"if","locations":[{"start":{"line":284,"column":2},"end":{"line":288,"column":3}},{"start":{},"end":{}}],"line":284}},"s":{"0":0,"1":0,"2":0,"3":0,"4":0,"5":0,"6":0,"7":0,"8":0,"9":0,"10":0,"11":0,"12":0,"13":0,"14":0,"15":0,"16":0,"17":0,"18":0,"19":0,"20":0,"21":0,"22":0,"23":0,"24":0,"25":0,"26":0,"27":0,"28":0,"29":0,"30":0,"31":0,"32":0,"33":0,"34":0,"35":0,"36":0,"37":0,"38":0,"39":0,"40":0,"41":0,"42":0,"43":0,"44":0,"45":0,"46":0,"47":0,"48":0,"49":0,"50":0,"51":0,"52":0,"53":0,"54":0,"55":0,"56":0,"57":0,"58":0,"59":0,"60":0,"61":0,"62":0,"63":0,"64":0,"65":0,"66":0,"67":0,"68":0,"69":0,"70":0,"71":0,"72":0,"73":0,"74":0,"75":0,"76":0,"77":0,"78":0,"79":0,"80":0,"81":0,"82":0,"83":0,"84":0,"85":0,"86":0,"87":0,"88":0,"89":0,"90":0,"91":0,"92":0,"93":0,"94":0,"95":0,"96":0,"97":0,"98":0,"99":0,"100":0,"101":0,"102":0,"103":0,"104":0},"f":{"0":0,"1":0,"2":0,"3":0,"4":0,"5":0,"6":0,"7":0,"8":0,"9":0,"10":0,"11":0,"12":0,"13":0},"b":{"0":[0,0],"1":[0,0],"2":[0,0],"3":[0,0],"4":[0,0],"5":[0,0],"6":[0,0],"7":[0,0],"8":[0,0],"9":[0,0],"10":[0,0],"11":[0,0],"12":[0,0],"13":[0,0],"14":[0,0],"15":[0,0],"16":[0,0],"17":[0,0],"18":[0,0],"19":[0,0],"20":[0,0],"21":[0,0]}},"C:\\Users\\user\\Desktop\\JS Sample\\backend\\controllers\\uploadController.js":{"path":"C:\\Users\\user\\Desktop\\JS Sample\\backend\\controllers\\uploadController.js","statementMap":{"0":{"start":{"line":1,"column":38},"end":{"line":1,"column":70}},"1":{"start":{"line":12,"column":20},"end":{"line":36,"column":1}},"2":{"start":{"line":13,"column":2},"end":{"line":35,"column":3}},"3":{"start":{"line":14,"column":4},"end":{"line":16,"column":5}},"4":{"start":{"line":15,"column":6},"end":{"line":15,"column":65}},"5":{"start":{"line":18,"column":19},"end":{"line":18,"column":45}},"6":{"start":{"line":20,"column":4},"end":{"line":27,"column":7}},"7":{"start":{"line":29,"column":4},"end":{"line":29,"column":42}},"8":{"start":{"line":30,"column":4},"end":{"line":34,"column":7}},"9":{"start":{"line":47,"column":17},"end":{"line":71,"column":1}},"10":{"start":{"line":48,"column":2},"end":{"line":70,"column":3}},"11":{"start":{"line":49,"column":16},"end":{"line":49,"column":30}},"12":{"start":{"line":50,"column":23},"end":{"line":50,"column":41}},"13":{"start":{"line":53,"column":4},"end":{"line":59,"column":7}},"14":{"start":{"line":54,"column":6},"end":{"line":54,"column":44}},"15":{"start":{"line":55,"column":6},"end":{"line":58,"column":9}},"16":{"start":{"line":62,"column":4},"end":{"line":62,"column":25}},"17":{"start":{"line":64,"column":4},"end":{"line":64,"column":44}},"18":{"start":{"line":65,"column":4},"end":{"line":69,"column":7}},"19":{"start":{"line":73,"column":0},"end":{"line":76,"column":2}}},"fnMap":{"0":{"name":"(anonymous_0)","decl":{"start":{"line":12,"column":20},"end":{"line":12,"column":21}},"loc":{"start":{"line":12,"column":40},"end":{"line":36,"column":1}},"line":12},"1":{"name":"(anonymous_1)","decl":{"start":{"line":47,"column":17},"end":{"line":47,"column":18}},"loc":{"start":{"line":47,"column":31},"end":{"line":71,"column":1}},"line":47},"2":{"name":"(anonymous_2)","decl":{"start":{"line":53,"column":27},"end":{"line":53,"column":28}},"loc":{"start":{"line":53,"column":38},"end":{"line":59,"column":5}},"line":53}},"branchMap":{"0":{"loc":{"start":{"line":14,"column":4},"end":{"line":16,"column":5}},"type":"if","locations":[{"start":{"line":14,"column":4},"end":{"line":16,"column":5}},{"start":{},"end":{}}],"line":14}},"s":{"0":0,"1":0,"2":0,"3":0,"4":0,"5":0,"6":0,"7":0,"8":0,"9":0,"10":0,"11":0,"12":0,"13":0,"14":0,"15":0,"16":0,"17":0,"18":0,"19":0},"f":{"0":0,"1":0,"2":0},"b":{"0":[0,0]}},"C:\\Users\\user\\Desktop\\JS Sample\\backend\\middleware\\error.js":{"path":"C:\\Users\\user\\Desktop\\JS Sample\\backend\\middleware\\error.js","statementMap":{"0":{"start":{"line":1,"column":22},"end":{"line":1,"column":55}},"1":{"start":{"line":4,"column":28},"end":{"line":45,"column":1}},"2":{"start":{"line":5,"column":14},"end":{"line":5,"column":24}},"3":{"start":{"line":6,"column":2},"end":{"line":6,"column":30}},"4":{"start":{"line":9,"column":2},"end":{"line":9,"column":31}},"5":{"start":{"line":12,"column":2},"end":{"line":15,"column":3}},"6":{"start":{"line":13,"column":20},"end":{"line":13,"column":64}},"7":{"start":{"line":14,"column":4},"end":{"line":14,"column":44}},"8":{"start":{"line":18,"column":2},"end":{"line":21,"column":3}},"9":{"start":{"line":19,"column":20},"end":{"line":19,"column":51}},"10":{"start":{"line":20,"column":4},"end":{"line":20,"column":44}},"11":{"start":{"line":24,"column":2},"end":{"line":27,"column":3}},"12":{"start":{"line":25,"column":20},"end":{"line":25,"column":69}},"13":{"start":{"line":25,"column":57},"end":{"line":25,"column":68}},"14":{"start":{"line":26,"column":4},"end":{"line":26,"column":44}},"15":{"start":{"line":30,"column":2},"end":{"line":33,"column":3}},"16":{"start":{"line":31,"column":20},"end":{"line":31,"column":36}},"17":{"start":{"line":32,"column":4},"end":{"line":32,"column":44}},"18":{"start":{"line":36,"column":2},"end":{"line":39,"column":3}},"19":{"start":{"line":37,"column":20},"end":{"line":37,"column":58}},"20":{"start":{"line":38,"column":4},"end":{"line":38,"column":44}},"21":{"start":{"line":41,"column":2},"end":{"line":44,"column":5}},"22":{"start":{"line":48,"column":24},"end":{"line":50,"column":1}},"23":{"start":{"line":49,"column":2},"end":{"line":49,"column":65}},"24":{"start":{"line":53,"column":33},"end":{"line":67,"column":1}},"25":{"start":{"line":54,"column":2},"end":{"line":54,"column":41}},"26":{"start":{"line":56,"column":2},"end":{"line":66,"column":3}},"27":{"start":{"line":57,"column":4},"end":{"line":62,"column":7}},"28":{"start":{"line":65,"column":4},"end":{"line":65,"column":14}},"29":{"start":{"line":70,"column":32},"end":{"line":76,"column":1}},"30":{"start":{"line":71,"column":2},"end":{"line":75,"column":5}}},"fnMap":{"0":{"name":"(anonymous_0)","decl":{"start":{"line":4,"column":28},"end":{"line":4,"column":29}},"loc":{"start":{"line":4,"column":53},"end":{"line":45,"column":1}},"line":4},"1":{"name":"(anonymous_1)","decl":{"start":{"line":25,"column":50},"end":{"line":25,"column":51}},"loc":{"start":{"line":25,"column":57},"end":{"line":25,"column":68}},"line":25},"2":{"name":"(anonymous_2)","decl":{"start":{"line":48,"column":24},"end":{"line":48,"column":25}},"loc":{"start":{"line":48,"column":44},"end":{"line":50,"column":1}},"line":48},"3":{"name":"(anonymous_3)","decl":{"start":{"line":53,"column":33},"end":{"line":53,"column":34}},"loc":{"start":{"line":53,"column":58},"end":{"line":67,"column":1}},"line":53},"4":{"name":"(anonymous_4)","decl":{"start":{"line":70,"column":32},"end":{"line":70,"column":33}},"loc":{"start":{"line":70,"column":57},"end":{"line":76,"column":1}},"line":70}},"branchMap":{"0":{"loc":{"start":{"line":12,"column":2},"end":{"line":15,"column":3}},"type":"if","locations":[{"start":{"line":12,"column":2},"end":{"line":15,"column":3}},{"start":{},"end":{}}],"line":12},"1":{"loc":{"start":{"line":18,"column":2},"end":{"line":21,"column":3}},"type":"if","locations":[{"start":{"line":18,"column":2},"end":{"line":21,"column":3}},{"start":{},"end":{}}],"line":18},"2":{"loc":{"start":{"line":24,"column":2},"end":{"line":27,"column":3}},"type":"if","locations":[{"start":{"line":24,"column":2},"end":{"line":27,"column":3}},{"start":{},"end":{}}],"line":24},"3":{"loc":{"start":{"line":30,"column":2},"end":{"line":33,"column":3}},"type":"if","locations":[{"start":{"line":30,"column":2},"end":{"line":33,"column":3}},{"start":{},"end":{}}],"line":30},"4":{"loc":{"start":{"line":36,"column":2},"end":{"line":39,"column":3}},"type":"if","locations":[{"start":{"line":36,"column":2},"end":{"line":39,"column":3}},{"start":{},"end":{}}],"line":36},"5":{"loc":{"start":{"line":41,"column":13},"end":{"line":41,"column":36}},"type":"binary-expr","locations":[{"start":{"line":41,"column":13},"end":{"line":41,"column":29}},{"start":{"line":41,"column":33},"end":{"line":41,"column":36}}],"line":41},"6":{"loc":{"start":{"line":43,"column":11},"end":{"line":43,"column":42}},"type":"binary-expr","locations":[{"start":{"line":43,"column":11},"end":{"line":43,"column":24}},{"start":{"line":43,"column":28},"end":{"line":43,"column":42}}],"line":43},"7":{"loc":{"start":{"line":54,"column":19},"end":{"line":54,"column":40}},"type":"binary-expr","locations":[{"start":{"line":54,"column":19},"end":{"line":54,"column":33}},{"start":{"line":54,"column":37},"end":{"line":54,"column":40}}],"line":54},"8":{"loc":{"start":{"line":56,"column":2},"end":{"line":66,"column":3}},"type":"if","locations":[{"start":{"line":56,"column":2},"end":{"line":66,"column":3}},{"start":{"line":63,"column":9},"end":{"line":66,"column":3}}],"line":56},"9":{"loc":{"start":{"line":71,"column":13},"end":{"line":71,"column":34}},"type":"binary-expr","locations":[{"start":{"line":71,"column":13},"end":{"line":71,"column":27}},{"start":{"line":71,"column":31},"end":{"line":71,"column":34}}],"line":71},"10":{"loc":{"start":{"line":73,"column":13},"end":{"line":73,"column":51}},"type":"binary-expr","locations":[{"start":{"line":73,"column":13},"end":{"line":73,"column":24}},{"start":{"line":73,"column":28},"end":{"line":73,"column":51}}],"line":73}},"s":{"0":0,"1":0,"2":0,"3":0,"4":0,"5":0,"6":0,"7":0,"8":0,"9":0,"10":0,"11":0,"12":0,"13":0,"14":0,"15":0,"16":0,"17":0,"18":0,"19":0,"20":0,"21":0,"22":0,"23":0,"24":0,"25":0,"26":0,"27":0,"28":0,"29":0,"30":0},"f":{"0":0,"1":0,"2":0,"3":0,"4":0},"b":{"0":[0,0],"1":[0,0],"2":[0,0],"3":[0,0],"4":[0,0],"5":[0,0],"6":[0,0],"7":[0,0],"8":[0,0],"9":[0,0],"10":[0,0]}},"C:\\Users\\user\\Desktop\\JS Sample\\backend\\middleware\\auth.js":{"path":"C:\\Users\\user\\Desktop\\JS Sample\\backend\\middleware\\auth.js","statementMap":{"0":{"start":{"line":1,"column":12},"end":{"line":1,"column":35}},"1":{"start":{"line":2,"column":22},"end":{"line":2,"column":55}},"2":{"start":{"line":3,"column":13},"end":{"line":3,"column":38}},"3":{"start":{"line":6,"column":0},"end":{"line":35,"column":2}},"4":{"start":{"line":9,"column":2},"end":{"line":19,"column":3}},"5":{"start":{"line":14,"column":4},"end":{"line":14,"column":52}},"6":{"start":{"line":17,"column":7},"end":{"line":19,"column":3}},"7":{"start":{"line":18,"column":4},"end":{"line":18,"column":30}},"8":{"start":{"line":22,"column":2},"end":{"line":24,"column":3}},"9":{"start":{"line":23,"column":4},"end":{"line":23,"column":79}},"10":{"start":{"line":26,"column":2},"end":{"line":34,"column":3}},"11":{"start":{"line":28,"column":20},"end":{"line":28,"column":61}},"12":{"start":{"line":30,"column":4},"end":{"line":30,"column":47}},"13":{"start":{"line":31,"column":4},"end":{"line":31,"column":11}},"14":{"start":{"line":33,"column":4},"end":{"line":33,"column":79}},"15":{"start":{"line":38,"column":0},"end":{"line":50,"column":2}},"16":{"start":{"line":39,"column":2},"end":{"line":49,"column":4}},"17":{"start":{"line":40,"column":4},"end":{"line":47,"column":5}},"18":{"start":{"line":41,"column":6},"end":{"line":46,"column":8}},"19":{"start":{"line":48,"column":4},"end":{"line":48,"column":11}},"20":{"start":{"line":53,"column":0},"end":{"line":86,"column":2}},"21":{"start":{"line":54,"column":2},"end":{"line":85,"column":4}},"22":{"start":{"line":55,"column":4},"end":{"line":84,"column":5}},"23":{"start":{"line":56,"column":23},"end":{"line":56,"column":66}},"24":{"start":{"line":58,"column":6},"end":{"line":65,"column":7}},"25":{"start":{"line":59,"column":8},"end":{"line":64,"column":10}},"26":{"start":{"line":68,"column":6},"end":{"line":78,"column":7}},"27":{"start":{"line":72,"column":8},"end":{"line":77,"column":10}},"28":{"start":{"line":80,"column":6},"end":{"line":80,"column":30}},"29":{"start":{"line":81,"column":6},"end":{"line":81,"column":13}},"30":{"start":{"line":83,"column":6},"end":{"line":83,"column":18}},"31":{"start":{"line":89,"column":0},"end":{"line":101,"column":2}},"32":{"start":{"line":90,"column":2},"end":{"line":100,"column":4}},"33":{"start":{"line":91,"column":4},"end":{"line":98,"column":5}},"34":{"start":{"line":92,"column":6},"end":{"line":97,"column":8}},"35":{"start":{"line":99,"column":4},"end":{"line":99,"column":11}}},"fnMap":{"0":{"name":"(anonymous_0)","decl":{"start":{"line":6,"column":18},"end":{"line":6,"column":19}},"loc":{"start":{"line":6,"column":44},"end":{"line":35,"column":1}},"line":6},"1":{"name":"(anonymous_1)","decl":{"start":{"line":38,"column":20},"end":{"line":38,"column":21}},"loc":{"start":{"line":38,"column":34},"end":{"line":50,"column":1}},"line":38},"2":{"name":"(anonymous_2)","decl":{"start":{"line":39,"column":9},"end":{"line":39,"column":10}},"loc":{"start":{"line":39,"column":29},"end":{"line":49,"column":3}},"line":39},"3":{"name":"(anonymous_3)","decl":{"start":{"line":53,"column":25},"end":{"line":53,"column":26}},"loc":{"start":{"line":53,"column":54},"end":{"line":86,"column":1}},"line":53},"4":{"name":"(anonymous_4)","decl":{"start":{"line":54,"column":9},"end":{"line":54,"column":10}},"loc":{"start":{"line":54,"column":35},"end":{"line":85,"column":3}},"line":54},"5":{"name":"(anonymous_5)","decl":{"start":{"line":89,"column":24},"end":{"line":89,"column":25}},"loc":{"start":{"line":89,"column":36},"end":{"line":101,"column":1}},"line":89},"6":{"name":"(anonymous_6)","decl":{"start":{"line":90,"column":9},"end":{"line":90,"column":10}},"loc":{"start":{"line":90,"column":29},"end":{"line":100,"column":3}},"line":90}},"branchMap":{"0":{"loc":{"start":{"line":9,"column":2},"end":{"line":19,"column":3}},"type":"if","locations":[{"start":{"line":9,"column":2},"end":{"line":19,"column":3}},{"start":{"line":17,"column":7},"end":{"line":19,"column":3}}],"line":9},"1":{"loc":{"start":{"line":10,"column":4},"end":{"line":11,"column":50}},"type":"binary-expr","locations":[{"start":{"line":10,"column":4},"end":{"line":10,"column":29}},{"start":{"line":11,"column":4},"end":{"line":11,"column":50}}],"line":10},"2":{"loc":{"start":{"line":17,"column":7},"end":{"line":19,"column":3}},"type":"if","locations":[{"start":{"line":17,"column":7},"end":{"line":19,"column":3}},{"start":{},"end":{}}],"line":17},"3":{"loc":{"start":{"line":22,"column":2},"end":{"line":24,"column":3}},"type":"if","locations":[{"start":{"line":22,"column":2},"end":{"line":24,"column":3}},{"start":{},"end":{}}],"line":22},"4":{"loc":{"start":{"line":40,"column":4},"end":{"line":47,"column":5}},"type":"if","locations":[{"start":{"line":40,"column":4},"end":{"line":47,"column":5}},{"start":{},"end":{}}],"line":40},"5":{"loc":{"start":{"line":53,"column":33},"end":{"line":53,"column":49}},"type":"default-arg","locations":[{"start":{"line":53,"column":45},"end":{"line":53,"column":49}}],"line":53},"6":{"loc":{"start":{"line":58,"column":6},"end":{"line":65,"column":7}},"type":"if","locations":[{"start":{"line":58,"column":6},"end":{"line":65,"column":7}},{"start":{},"end":{}}],"line":58},"7":{"loc":{"start":{"line":68,"column":6},"end":{"line":78,"column":7}},"type":"if","locations":[{"start":{"line":68,"column":6},"end":{"line":78,"column":7}},{"start":{},"end":{}}],"line":68},"8":{"loc":{"start":{"line":69,"column":8},"end":{"line":70,"column":33}},"type":"binary-expr","locations":[{"start":{"line":69,"column":8},"end":{"line":69,"column":48}},{"start":{"line":70,"column":8},"end":{"line":70,"column":33}}],"line":69},"9":{"loc":{"start":{"line":91,"column":4},"end":{"line":98,"column":5}},"type":"if","locations":[{"start":{"line":91,"column":4},"end":{"line":98,"column":5}},{"start":{},"end":{}}],"line":91},"10":{"loc":{"start":{"line":91,"column":8},"end":{"line":91,"column":59}},"type":"binary-expr","locations":[{"start":{"line":91,"column":8},"end":{"line":91,"column":30}},{"start":{"line":91,"column":34},"end":{"line":91,"column":59}}],"line":91}},"s":{"0":0,"1":0,"2":0,"3":0,"4":0,"5":0,"6":0,"7":0,"8":0,"9":0,"10":0,"11":0,"12":0,"13":0,"14":0,"15":0,"16":0,"17":0,"18":0,"19":0,"20":0,"21":0,"22":0,"23":0,"24":0,"25":0,"26":0,"27":0,"28":0,"29":0,"30":0,"31":0,"32":0,"33":0,"34":0,"35":0},"f":{"0":0,"1":0,"2":0,"3":0,"4":0,"5":0,"6":0},"b":{"0":[0,0],"1":[0,0],"2":[0,0],"3":[0,0],"4":[0,0],"5":[0],"6":[0,0],"7":[0,0],"8":[0,0],"9":[0,0],"10":[0,0]}},"C:\\Users\\user\\Desktop\\JS Sample\\backend\\models\\Order.js":{"path":"C:\\Users\\user\\Desktop\\JS Sample\\backend\\models\\Order.js","statementMap":{"0":{"start":{"line":1,"column":17},"end":{"line":1,"column":36}},"1":{"start":{"line":3,"column":24},"end":{"line":26,"column":2}},"2":{"start":{"line":28,"column":27},"end":{"line":53,"column":2}},"3":{"start":{"line":55,"column":26},"end":{"line":72,"column":2}},"4":{"start":{"line":74,"column":29},"end":{"line":101,"column":2}},"5":{"start":{"line":103,"column":20},"end":{"line":169,"column":2}},"6":{"start":{"line":172,"column":0},"end":{"line":178,"column":3}},"7":{"start":{"line":173,"column":2},"end":{"line":176,"column":3}},"8":{"start":{"line":174,"column":18},"end":{"line":174,"column":57}},"9":{"start":{"line":175,"column":4},"end":{"line":175,"column":72}},"10":{"start":{"line":177,"column":2},"end":{"line":177,"column":9}},"11":{"start":{"line":181,"column":0},"end":{"line":193,"column":3}},"12":{"start":{"line":182,"column":2},"end":{"line":191,"column":3}},"13":{"start":{"line":183,"column":20},"end":{"line":188,"column":7}},"14":{"start":{"line":183,"column":49},"end":{"line":188,"column":5}},"15":{"start":{"line":190,"column":4},"end":{"line":190,"column":55}},"16":{"start":{"line":192,"column":2},"end":{"line":192,"column":9}},"17":{"start":{"line":196,"column":0},"end":{"line":206,"column":3}},"18":{"start":{"line":197,"column":2},"end":{"line":204,"column":3}},"19":{"start":{"line":198,"column":4},"end":{"line":203,"column":7}},"20":{"start":{"line":205,"column":2},"end":{"line":205,"column":9}},"21":{"start":{"line":209,"column":0},"end":{"line":235,"column":2}},"22":{"start":{"line":210,"column":23},"end":{"line":232,"column":4}},"23":{"start":{"line":234,"column":2},"end":{"line":234,"column":22}},"24":{"start":{"line":237,"column":0},"end":{"line":237,"column":54}}},"fnMap":{"0":{"name":"(anonymous_0)","decl":{"start":{"line":172,"column":24},"end":{"line":172,"column":25}},"loc":{"start":{"line":172,"column":45},"end":{"line":178,"column":1}},"line":172},"1":{"name":"(anonymous_1)","decl":{"start":{"line":181,"column":24},"end":{"line":181,"column":25}},"loc":{"start":{"line":181,"column":45},"end":{"line":193,"column":1}},"line":181},"2":{"name":"(anonymous_2)","decl":{"start":{"line":183,"column":40},"end":{"line":183,"column":41}},"loc":{"start":{"line":183,"column":49},"end":{"line":188,"column":5}},"line":183},"3":{"name":"(anonymous_3)","decl":{"start":{"line":196,"column":24},"end":{"line":196,"column":25}},"loc":{"start":{"line":196,"column":45},"end":{"line":206,"column":1}},"line":196},"4":{"name":"(anonymous_4)","decl":{"start":{"line":209,"column":38},"end":{"line":209,"column":39}},"loc":{"start":{"line":209,"column":55},"end":{"line":235,"column":1}},"line":209}},"branchMap":{"0":{"loc":{"start":{"line":173,"column":2},"end":{"line":176,"column":3}},"type":"if","locations":[{"start":{"line":173,"column":2},"end":{"line":176,"column":3}},{"start":{},"end":{}}],"line":173},"1":{"loc":{"start":{"line":182,"column":2},"end":{"line":191,"column":3}},"type":"if","locations":[{"start":{"line":182,"column":2},"end":{"line":191,"column":3}},{"start":{},"end":{}}],"line":182},"2":{"loc":{"start":{"line":182,"column":6},"end":{"line":182,"column":73}},"type":"binary-expr","locations":[{"start":{"line":182,"column":6},"end":{"line":182,"column":36}},{"start":{"line":182,"column":40},"end":{"line":182,"column":73}}],"line":182},"3":{"loc":{"start":{"line":197,"column":2},"end":{"line":204,"column":3}},"type":"if","locations":[{"start":{"line":197,"column":2},"end":{"line":204,"column":3}},{"start":{},"end":{}}],"line":197}},"s":{"0":0,"1":0,"2":0,"3":0,"4":0,"5":0,"6":0,"7":0,"8":0,"9":0,"10":0,"11":0,"12":0,"13":0,"14":0,"15":0,"16":0,"17":0,"18":0,"19":0,"20":0,"21":0,"22":0,"23":0,"24":0},"f":{"0":0,"1":0,"2":0,"3":0,"4":0},"b":{"0":[0,0],"1":[0,0],"2":[0,0],"3":[0,0]}},"C:\\Users\\user\\Desktop\\JS Sample\\backend\\models\\Product.js":{"path":"C:\\Users\\user\\Desktop\\JS Sample\\backend\\models\\Product.js","statementMap":{"0":{"start":{"line":1,"column":17},"end":{"line":1,"column":36}},"1":{"start":{"line":3,"column":22},"end":{"line":105,"column":2}},"2":{"start":{"line":19,"column":16},"end":{"line":19,"column":43}},"3":{"start":{"line":108,"column":0},"end":{"line":108,"column":59}},"4":{"start":{"line":111,"column":0},"end":{"line":115,"column":3}},"5":{"start":{"line":112,"column":2},"end":{"line":112,"column":42}},"6":{"start":{"line":112,"column":33},"end":{"line":112,"column":42}},"7":{"start":{"line":113,"column":14},"end":{"line":113,"column":70}},"8":{"start":{"line":113,"column":49},"end":{"line":113,"column":66}},"9":{"start":{"line":114,"column":2},"end":{"line":114,"column":35}},"10":{"start":{"line":118,"column":0},"end":{"line":125,"column":3}},"11":{"start":{"line":119,"column":2},"end":{"line":123,"column":3}},"12":{"start":{"line":120,"column":16},"end":{"line":120,"column":72}},"13":{"start":{"line":120,"column":51},"end":{"line":120,"column":68}},"14":{"start":{"line":121,"column":4},"end":{"line":121,"column":45}},"15":{"start":{"line":122,"column":4},"end":{"line":122,"column":44}},"16":{"start":{"line":124,"column":2},"end":{"line":124,"column":9}},"17":{"start":{"line":128,"column":0},"end":{"line":131,"column":3}},"18":{"start":{"line":129,"column":2},"end":{"line":129,"column":63}},"19":{"start":{"line":130,"column":2},"end":{"line":130,"column":9}},"20":{"start":{"line":133,"column":0},"end":{"line":133,"column":58}}},"fnMap":{"0":{"name":"(anonymous_0)","decl":{"start":{"line":19,"column":9},"end":{"line":19,"column":10}},"loc":{"start":{"line":19,"column":16},"end":{"line":19,"column":43}},"line":19},"1":{"name":"(anonymous_1)","decl":{"start":{"line":111,"column":43},"end":{"line":111,"column":44}},"loc":{"start":{"line":111,"column":54},"end":{"line":115,"column":1}},"line":111},"2":{"name":"(anonymous_2)","decl":{"start":{"line":113,"column":34},"end":{"line":113,"column":35}},"loc":{"start":{"line":113,"column":49},"end":{"line":113,"column":66}},"line":113},"3":{"name":"(anonymous_3)","decl":{"start":{"line":118,"column":26},"end":{"line":118,"column":27}},"loc":{"start":{"line":118,"column":41},"end":{"line":125,"column":1}},"line":118},"4":{"name":"(anonymous_4)","decl":{"start":{"line":120,"column":36},"end":{"line":120,"column":37}},"loc":{"start":{"line":120,"column":51},"end":{"line":120,"column":68}},"line":120},"5":{"name":"(anonymous_5)","decl":{"start":{"line":128,"column":28},"end":{"line":128,"column":29}},"loc":{"start":{"line":128,"column":49},"end":{"line":131,"column":1}},"line":128}},"branchMap":{"0":{"loc":{"start":{"line":112,"column":2},"end":{"line":112,"column":42}},"type":"if","locations":[{"start":{"line":112,"column":2},"end":{"line":112,"column":42}},{"start":{},"end":{}}],"line":112},"1":{"loc":{"start":{"line":119,"column":2},"end":{"line":123,"column":3}},"type":"if","locations":[{"start":{"line":119,"column":2},"end":{"line":123,"column":3}},{"start":{},"end":{}}],"line":119},"2":{"loc":{"start":{"line":119,"column":6},"end":{"line":119,"column":45}},"type":"binary-expr","locations":[{"start":{"line":119,"column":6},"end":{"line":119,"column":18}},{"start":{"line":119,"column":22},"end":{"line":119,"column":45}}],"line":119}},"s":{"0":0,"1":0,"2":0,"3":0,"4":0,"5":0,"6":0,"7":0,"8":0,"9":0,"10":0,"11":0,"12":0,"13":0,"14":0,"15":0,"16":0,"17":0,"18":0,"19":0,"20":0},"f":{"0":0,"1":0,"2":0,"3":0,"4":0,"5":0},"b":{"0":[0,0],"1":[0,0],"2":[0,0]}},"C:\\Users\\user\\Desktop\\JS Sample\\backend\\models\\User.js":{"path":"C:\\Users\\user\\Desktop\\JS Sample\\backend\\models\\User.js","statementMap":{"0":{"start":{"line":1,"column":17},"end":{"line":1,"column":36}},"1":{"start":{"line":3,"column":19},"end":{"line":21,"column":2}},"2":{"start":{"line":23,"column":0},"end":{"line":23,"column":52}}},"fnMap":{},"branchMap":{},"s":{"0":0,"1":0,"2":0},"f":{},"b":{}},"C:\\Users\\user\\Desktop\\JS Sample\\backend\\routes\\cartRoutes.js":{"path":"C:\\Users\\user\\Desktop\\JS Sample\\backend\\routes\\cartRoutes.js","statementMap":{"0":{"start":{"line":1,"column":16},"end":{"line":1,"column":34}},"1":{"start":{"line":2,"column":15},"end":{"line":2,"column":31}},"2":{"start":{"line":11,"column":4},"end":{"line":11,"column":44}},"3":{"start":{"line":13,"column":20},"end":{"line":13,"column":49}},"4":{"start":{"line":16,"column":0},"end":{"line":16,"column":20}},"5":{"start":{"line":19,"column":0},"end":{"line":21,"column":21}},"6":{"start":{"line":24,"column":0},"end":{"line":25,"column":19}},"7":{"start":{"line":28,"column":0},"end":{"line":30,"column":26}},"8":{"start":{"line":33,"column":0},"end":{"line":33,"column":39}},"9":{"start":{"line":36,"column":0},"end":{"line":36,"column":34}},"10":{"start":{"line":38,"column":0},"end":{"line":38,"column":24}}},"fnMap":{},"branchMap":{},"s":{"0":0,"1":0,"2":0,"3":0,"4":0,"5":0,"6":0,"7":0,"8":0,"9":0,"10":0},"f":{},"b":{}},"C:\\Users\\user\\Desktop\\JS Sample\\backend\\routes\\orderRoutes.js":{"path":"C:\\Users\\user\\Desktop\\JS Sample\\backend\\routes\\orderRoutes.js","statementMap":{"0":{"start":{"line":1,"column":16},"end":{"line":1,"column":34}},"1":{"start":{"line":2,"column":15},"end":{"line":2,"column":31}},"2":{"start":{"line":13,"column":4},"end":{"line":13,"column":45}},"3":{"start":{"line":15,"column":31},"end":{"line":15,"column":60}},"4":{"start":{"line":18,"column":0},"end":{"line":18,"column":20}},"5":{"start":{"line":21,"column":0},"end":{"line":23,"column":38}},"6":{"start":{"line":25,"column":0},"end":{"line":25,"column":37}},"7":{"start":{"line":26,"column":0},"end":{"line":26,"column":33}},"8":{"start":{"line":27,"column":0},"end":{"line":27,"column":42}},"9":{"start":{"line":30,"column":0},"end":{"line":30,"column":31}},"10":{"start":{"line":31,"column":0},"end":{"line":31,"column":51}},"11":{"start":{"line":32,"column":0},"end":{"line":32,"column":45}},"12":{"start":{"line":33,"column":0},"end":{"line":33,"column":46}},"13":{"start":{"line":34,"column":0},"end":{"line":34,"column":36}},"14":{"start":{"line":36,"column":0},"end":{"line":36,"column":24}}},"fnMap":{},"branchMap":{},"s":{"0":0,"1":0,"2":0,"3":0,"4":0,"5":0,"6":0,"7":0,"8":0,"9":0,"10":0,"11":0,"12":0,"13":0,"14":0},"f":{},"b":{}},"C:\\Users\\user\\Desktop\\JS Sample\\backend\\routes\\uploadRoutes.js":{"path":"C:\\Users\\user\\Desktop\\JS Sample\\backend\\routes\\uploadRoutes.js","statementMap":{"0":{"start":{"line":1,"column":16},"end":{"line":1,"column":34}},"1":{"start":{"line":2,"column":15},"end":{"line":2,"column":31}},"2":{"start":{"line":3,"column":15},"end":{"line":3,"column":47}},"3":{"start":{"line":4,"column":34},"end":{"line":4,"column":76}},"4":{"start":{"line":9,"column":0},"end":{"line":9,"column":59}},"5":{"start":{"line":14,"column":0},"end":{"line":14,"column":36}},"6":{"start":{"line":16,"column":0},"end":{"line":16,"column":24}}},"fnMap":{},"branchMap":{},"s":{"0":0,"1":0,"2":0,"3":0,"4":0,"5":0,"6":0},"f":{},"b":{}},"C:\\Users\\user\\Desktop\\JS Sample\\backend\\routes\\productRoutes.js":{"path":"C:\\Users\\user\\Desktop\\JS Sample\\backend\\routes\\productRoutes.js","statementMap":{"0":{"start":{"line":1,"column":16},"end":{"line":1,"column":34}},"1":{"start":{"line":2,"column":15},"end":{"line":2,"column":31}},"2":{"start":{"line":13,"column":4},"end":{"line":13,"column":47}},"3":{"start":{"line":15,"column":31},"end":{"line":15,"column":60}},"4":{"start":{"line":18,"column":0},"end":{"line":18,"column":29}},"5":{"start":{"line":19,"column":0},"end":{"line":19,"column":35}},"6":{"start":{"line":20,"column":0},"end":{"line":20,"column":31}},"7":{"start":{"line":21,"column":0},"end":{"line":21,"column":62}},"8":{"start":{"line":24,"column":0},"end":{"line":24,"column":20}},"9":{"start":{"line":25,"column":0},"end":{"line":25,"column":49}},"10":{"start":{"line":28,"column":0},"end":{"line":28,"column":31}},"11":{"start":{"line":29,"column":0},"end":{"line":29,"column":32}},"12":{"start":{"line":30,"column":0},"end":{"line":30,"column":34}},"13":{"start":{"line":31,"column":0},"end":{"line":31,"column":37}},"14":{"start":{"line":32,"column":0},"end":{"line":32,"column":45}},"15":{"start":{"line":34,"column":0},"end":{"line":34,"column":24}}},"fnMap":{},"branchMap":{},"s":{"0":0,"1":0,"2":0,"3":0,"4":0,"5":0,"6":0,"7":0,"8":0,"9":0,"10":0,"11":0,"12":0,"13":0,"14":0,"15":0},"f":{},"b":{}},"C:\\Users\\user\\Desktop\\JS Sample\\backend\\utils\\multerConfig.js":{"path":"C:\\Users\\user\\Desktop\\JS Sample\\backend\\utils\\multerConfig.js","statementMap":{"0":{"start":{"line":1,"column":15},"end":{"line":1,"column":32}},"1":{"start":{"line":2,"column":23},"end":{"line":2,"column":38}},"2":{"start":{"line":3,"column":13},"end":{"line":3,"column":28}},"3":{"start":{"line":10,"column":16},"end":{"line":10,"column":38}},"4":{"start":{"line":18,"column":19},"end":{"line":29,"column":1}},"5":{"start":{"line":20,"column":23},"end":{"line":20,"column":63}},"6":{"start":{"line":22,"column":2},"end":{"line":28,"column":3}},"7":{"start":{"line":24,"column":4},"end":{"line":24,"column":19}},"8":{"start":{"line":27,"column":4},"end":{"line":27,"column":90}},"9":{"start":{"line":37,"column":15},"end":{"line":48,"column":2}},"10":{"start":{"line":50,"column":0},"end":{"line":50,"column":24}}},"fnMap":{"0":{"name":"(anonymous_0)","decl":{"start":{"line":18,"column":19},"end":{"line":18,"column":20}},"loc":{"start":{"line":18,"column":38},"end":{"line":29,"column":1}},"line":18}},"branchMap":{"0":{"loc":{"start":{"line":22,"column":2},"end":{"line":28,"column":3}},"type":"if","locations":[{"start":{"line":22,"column":2},"end":{"line":28,"column":3}},{"start":{"line":25,"column":9},"end":{"line":28,"column":3}}],"line":22}},"s":{"0":0,"1":0,"2":0,"3":0,"4":0,"5":0,"6":0,"7":0,"8":0,"9":0,"10":0},"f":{"0":0},"b":{"0":[0,0]}}}}
